info: Server started at http://localhost:3002/api/v1/ {"timestamp":"2024-07-11T21:58:28.156Z"}
info: Connected to the database. {"timestamp":"2024-07-11T21:58:28.356Z"}
info: Server started at http://localhost:3002/api/v1/ {"timestamp":"2024-07-11T23:10:47.377Z"}
info: Connected to the database. {"timestamp":"2024-07-11T23:10:47.553Z"}
error: 
    status - 500 
    message - ValidationError: "firstName" is required 
    url - /api/v1/users 
    method - POST 
    IP - ::1
   {"timestamp":"2024-07-11T23:17:34.772Z"}
error: 
      status - 400
      message - Authorization token is required 
      url - /api/v1/users/3 
      method - GET 
      IP - ::1
     {"timestamp":"2024-07-11T23:23:43.222Z"}
error: 
      status - 400
      message - Authorization token is required 
      url - /api/v1/users/2 
      method - GET 
      IP - ::1
     {"timestamp":"2024-07-11T23:24:17.089Z"}
error: 
      status - 400
      message - Authorization token is required 
      url - /api/v1/users/2 
      method - GET 
      IP - ::1
     {"timestamp":"2024-07-11T23:24:41.325Z"}
error: 
      status - 400
      message - Authorization token is required 
      url - /api/v1/users/:2 
      method - GET 
      IP - ::1
     {"timestamp":"2024-07-11T23:25:51.640Z"}
error: 
      status - 400
      message - Authorization token is required 
      url - /api/v1/users/2 
      method - GET 
      IP - ::1
     {"timestamp":"2024-07-11T23:26:02.823Z"}
error: 
      status - 400
      message - Authorization token is required 
      url - /api/v1/users/2 
      method - GET 
      IP - ::1
     {"timestamp":"2024-07-11T23:35:27.726Z"}
info: Server started at http://localhost:3002/api/v1/ {"timestamp":"2024-07-11T23:38:20.638Z"}
info: Connected to the database. {"timestamp":"2024-07-11T23:38:20.811Z"}
info: Server started at http://localhost:3002/api/v1/ {"timestamp":"2024-07-11T23:39:16.880Z"}
info: Connected to the database. {"timestamp":"2024-07-11T23:39:17.059Z"}
error: 
      status - 400
      message - Authorization token is required 
      url - /api/v1/users/1 
      method - GET 
      IP - ::1
     {"timestamp":"2024-07-11T23:40:24.089Z"}
error: 
      status - 400
      message - Authorization token is required 
      url - /api/v1/users/3 
      method - GET 
      IP - ::1
     {"timestamp":"2024-07-11T23:45:02.642Z"}
error: 
      status - 400
      message - Authorization token is required 
      url - /api/v1/users/2 
      method - GET 
      IP - ::1
     {"timestamp":"2024-07-11T23:45:34.124Z"}
info: Server started at http://localhost:3002/api/v1/ {"timestamp":"2024-07-11T23:55:36.727Z"}
info: Connected to the database. {"timestamp":"2024-07-11T23:55:36.903Z"}
info: Server started at http://localhost:3002/api/v1/ {"timestamp":"2024-07-12T00:02:20.673Z"}
info: Connected to the database. {"timestamp":"2024-07-12T00:02:20.843Z"}
error: 
      status - 400
      message - Authorization token is required 
      url - /api/v1/users/1 
      method - GET 
      IP - ::1
     {"timestamp":"2024-07-12T00:05:31.980Z"}
info: Server started at http://localhost:3002/api/v1/ {"timestamp":"2024-07-12T00:08:54.789Z"}
info: Connected to the database. {"timestamp":"2024-07-12T00:08:54.976Z"}
info: Server started at http://localhost:3002/api/v1/ {"timestamp":"2024-07-12T00:09:20.443Z"}
info: Connected to the database. {"timestamp":"2024-07-12T00:09:20.649Z"}
error: 
    status - 500 
    message - ReferenceError: data is not defined
    at _callee5$ (/home/user/Express_project/awesome-project/src/controllers/user.controller.js:92:13)
    at tryCatch (/home/user/Express_project/awesome-project/node_modules/@babel/runtime/helpers/regeneratorRuntime.js:45:16)
    at Generator.<anonymous> (/home/user/Express_project/awesome-project/node_modules/@babel/runtime/helpers/regeneratorRuntime.js:133:17)
    at Generator.next (/home/user/Express_project/awesome-project/node_modules/@babel/runtime/helpers/regeneratorRuntime.js:74:21)
    at asyncGeneratorStep (/home/user/Express_project/awesome-project/node_modules/@babel/runtime/helpers/asyncToGenerator.js:3:17)
    at _next (/home/user/Express_project/awesome-project/node_modules/@babel/runtime/helpers/asyncToGenerator.js:17:9)
    at processTicksAndRejections (internal/process/task_queues.js:97:5) 
    url - /api/v1/users/4 
    method - DELETE 
    IP - ::1
   {"timestamp":"2024-07-12T00:09:24.250Z"}
info: Server started at http://localhost:3002/api/v1/ {"timestamp":"2024-07-12T00:09:40.952Z"}
info: Connected to the database. {"timestamp":"2024-07-12T00:09:41.139Z"}
info: Server started at http://localhost:3002/api/v1/ {"timestamp":"2024-07-12T00:09:48.048Z"}
info: Connected to the database. {"timestamp":"2024-07-12T00:09:48.221Z"}
info: Server started at http://localhost:3002/api/v1/ {"timestamp":"2024-07-12T00:09:53.234Z"}
info: Connected to the database. {"timestamp":"2024-07-12T00:09:53.420Z"}
info: Server started at http://localhost:3002/api/v1/ {"timestamp":"2024-07-12T00:26:55.750Z"}
info: Connected to the database. {"timestamp":"2024-07-12T00:26:55.936Z"}
info: Server started at http://localhost:3002/api/v1/ {"timestamp":"2024-07-12T00:27:38.132Z"}
info: Connected to the database. {"timestamp":"2024-07-12T00:27:38.308Z"}
info: Server started at http://localhost:3002/api/v1/ {"timestamp":"2024-07-12T00:32:38.665Z"}
info: Connected to the database. {"timestamp":"2024-07-12T00:32:38.837Z"}
info: Server started at http://localhost:3002/api/v1/ {"timestamp":"2024-07-12T00:34:23.969Z"}
info: Connected to the database. {"timestamp":"2024-07-12T00:34:24.149Z"}
info: Server started at http://localhost:3002/api/v1/ {"timestamp":"2024-07-12T00:34:55.793Z"}
info: Connected to the database. {"timestamp":"2024-07-12T00:34:55.976Z"}
info: Server started at http://localhost:3002/api/v1/ {"timestamp":"2024-07-12T00:36:12.267Z"}
info: Connected to the database. {"timestamp":"2024-07-12T00:36:12.447Z"}
info: Server started at http://localhost:3002/api/v1/ {"timestamp":"2024-07-12T00:37:08.716Z"}
info: Connected to the database. {"timestamp":"2024-07-12T00:37:08.913Z"}
info: Server started at http://localhost:3002/api/v1/ {"timestamp":"2024-07-12T00:39:40.803Z"}
info: Connected to the database. {"timestamp":"2024-07-12T00:39:40.973Z"}
error: 
      status - 400
      message - Authorization token is required 
      url - /api/v1/users/1 
      method - GET 
      IP - ::1
     {"timestamp":"2024-07-12T00:39:51.616Z"}
info: Server started at http://localhost:3002/api/v1/ {"timestamp":"2024-07-12T00:40:16.628Z"}
info: Connected to the database. {"timestamp":"2024-07-12T00:40:16.790Z"}
error: 
      status - 400
      message - Authorization token is required 
      url - /api/v1/users/1 
      method - GET 
      IP - ::1
     {"timestamp":"2024-07-12T00:40:19.383Z"}
info: Server started at http://localhost:3002/api/v1/ {"timestamp":"2024-07-12T00:45:04.232Z"}
info: Connected to the database. {"timestamp":"2024-07-12T00:45:04.404Z"}
error: 
      status - 400
      message - Authorization token is required 
      url - /api/v1/users/1 
      method - GET 
      IP - ::1
     {"timestamp":"2024-07-12T00:45:08.333Z"}
info: Server started at http://localhost:3002/api/v1/ {"timestamp":"2024-07-12T00:46:35.943Z"}
info: Connected to the database. {"timestamp":"2024-07-12T00:46:36.126Z"}
error: 
      status - 400
      message - Authorization token is required 
      url - /api/v1/users/1 
      method - GET 
      IP - ::1
     {"timestamp":"2024-07-12T00:46:41.321Z"}
info: Server started at http://localhost:3002/api/v1/ {"timestamp":"2024-07-12T00:47:43.263Z"}
info: Connected to the database. {"timestamp":"2024-07-12T00:47:43.438Z"}
info: Server started at http://localhost:3002/api/v1/ {"timestamp":"2024-07-12T00:49:32.332Z"}
info: Connected to the database. {"timestamp":"2024-07-12T00:49:32.527Z"}
error: 
      status - 400
      message - Authorization token is required 
      url - /api/v1/users/1 
      method - GET 
      IP - ::1
     {"timestamp":"2024-07-12T00:49:34.634Z"}
info: Server started at http://localhost:3002/api/v1/ {"timestamp":"2024-07-12T00:49:58.787Z"}
info: Connected to the database. {"timestamp":"2024-07-12T00:49:58.962Z"}
info: Server started at http://localhost:3002/api/v1/ {"timestamp":"2024-07-12T01:00:06.591Z"}
info: Connected to the database. {"timestamp":"2024-07-12T01:00:06.767Z"}
info: Server started at http://localhost:3002/api/v1/ {"timestamp":"2024-07-12T06:05:38.288Z"}
info: Connected to the database. {"timestamp":"2024-07-12T06:05:38.758Z"}
info: Server started at http://localhost:3002/api/v1/ {"timestamp":"2024-07-12T06:09:41.049Z"}
info: Connected to the database. {"timestamp":"2024-07-12T06:09:41.418Z"}
info: Server started at http://localhost:3002/api/v1/ {"timestamp":"2024-07-12T06:09:52.834Z"}
info: Connected to the database. {"timestamp":"2024-07-12T06:09:53.053Z"}
error: 
    status - 500 
    message - ValidationError: "password" with value "Pooja@1234" fails to match the required pattern: /^[a-zA-Z0-9]{3,30}$/ 
    url - /api/v1/users 
    method - POST 
    IP - ::1
   {"timestamp":"2024-07-12T06:13:42.687Z"}
error: 
    status - 500 
    message - Error: 
    at Query.run (/home/user/Express_project/awesome-project/node_modules/sequelize/src/dialects/postgres/query.js:76:25)
    at /home/user/Express_project/awesome-project/node_modules/sequelize/src/sequelize.js:650:28
    at processTicksAndRejections (internal/process/task_queues.js:97:5)
    at PostgresQueryInterface.insert (/home/user/Express_project/awesome-project/node_modules/sequelize/src/dialects/abstract/query-interface.js:795:21)
    at user.save (/home/user/Express_project/awesome-project/node_modules/sequelize/src/model.js:4154:35)
    at Function.create (/home/user/Express_project/awesome-project/node_modules/sequelize/src/model.js:2305:12) 
    url - /api/v1/users 
    method - POST 
    IP - ::1
   {"timestamp":"2024-07-12T06:13:56.270Z"}
error: 
    status - 500 
    message - Error: 
    at Query.run (/home/user/Express_project/awesome-project/node_modules/sequelize/src/dialects/postgres/query.js:76:25)
    at /home/user/Express_project/awesome-project/node_modules/sequelize/src/sequelize.js:650:28
    at processTicksAndRejections (internal/process/task_queues.js:97:5)
    at PostgresQueryInterface.insert (/home/user/Express_project/awesome-project/node_modules/sequelize/src/dialects/abstract/query-interface.js:795:21)
    at user.save (/home/user/Express_project/awesome-project/node_modules/sequelize/src/model.js:4154:35)
    at Function.create (/home/user/Express_project/awesome-project/node_modules/sequelize/src/model.js:2305:12) 
    url - /api/v1/users 
    method - POST 
    IP - ::1
   {"timestamp":"2024-07-12T06:18:08.664Z"}
info: Server started at http://localhost:3002/api/v1/ {"timestamp":"2024-07-12T06:28:54.135Z"}
error: Could not connect to the database. database "awesomeProject" does not exist {"name":"SequelizeConnectionError","original":{"code":"3D000","file":"postinit.c","length":100,"line":"1019","name":"error","routine":"InitPostgres","severity":"FATAL"},"parent":{"code":"3D000","file":"postinit.c","length":100,"line":"1019","name":"error","routine":"InitPostgres","severity":"FATAL"},"stack":"SequelizeConnectionError: database \"awesomeProject\" does not exist\n    at new BaseError (/home/user/Express_project/awesome-project/node_modules/sequelize/src/errors/base-error.ts:26:5)\n    at new ConnectionError (/home/user/Express_project/awesome-project/node_modules/sequelize/src/errors/connection-error.ts:12:5)\n    at Client._connectionCallback (/home/user/Express_project/awesome-project/node_modules/sequelize/src/dialects/postgres/connection-manager.js:196:24)\n    at Client._handleErrorWhileConnecting (/home/user/Express_project/awesome-project/node_modules/pg/lib/client.js:327:19)\n    at Client._handleErrorMessage (/home/user/Express_project/awesome-project/node_modules/pg/lib/client.js:347:19)\n    at Connection.emit (events.js:314:20)\n    at Connection.EventEmitter.emit (domain.js:483:12)\n    at /home/user/Express_project/awesome-project/node_modules/pg/lib/connection.js:117:12\n    at Parser.parse (/home/user/Express_project/awesome-project/node_modules/pg-protocol/src/parser.ts:104:9)\n    at Socket.<anonymous> (/home/user/Express_project/awesome-project/node_modules/pg-protocol/src/index.ts:7:48)","timestamp":"2024-07-12T06:28:54.567Z"}
info: Server started at http://localhost:3002/api/v1/ {"timestamp":"2024-07-12T06:29:38.858Z"}
info: Connected to the database. {"timestamp":"2024-07-12T06:29:39.220Z"}
info: Server started at http://localhost:3002/api/v1/ {"timestamp":"2024-07-12T06:48:33.464Z"}
info: Connected to the database. {"timestamp":"2024-07-12T06:48:33.739Z"}
info: Server started at http://localhost:3002/api/v1/ {"timestamp":"2024-07-12T06:51:10.098Z"}
info: Connected to the database. {"timestamp":"2024-07-12T06:51:10.363Z"}
info: Server started at http://localhost:3002/api/v1/ {"timestamp":"2024-07-12T06:51:23.711Z"}
info: Connected to the database. {"timestamp":"2024-07-12T06:51:23.914Z"}
info: Server started at http://localhost:3002/api/v1/ {"timestamp":"2024-07-12T06:51:36.496Z"}
info: Connected to the database. {"timestamp":"2024-07-12T06:51:36.729Z"}
info: Server started at http://localhost:3002/api/v1/ {"timestamp":"2024-07-12T06:51:52.714Z"}
info: Connected to the database. {"timestamp":"2024-07-12T06:51:52.940Z"}
error: 
    status - 500 
    message - TypeError: Cannot read property 'dataValues' of null
    at _callee2$ (/home/user/Express_project/awesome-project/src/services/user.service.js:17:25)
    at tryCatch (/home/user/Express_project/awesome-project/node_modules/@babel/runtime/helpers/regeneratorRuntime.js:45:16)
    at Generator.<anonymous> (/home/user/Express_project/awesome-project/node_modules/@babel/runtime/helpers/regeneratorRuntime.js:133:17)
    at Generator.next (/home/user/Express_project/awesome-project/node_modules/@babel/runtime/helpers/regeneratorRuntime.js:74:21)
    at asyncGeneratorStep (/home/user/Express_project/awesome-project/node_modules/@babel/runtime/helpers/asyncToGenerator.js:3:17)
    at _next (/home/user/Express_project/awesome-project/node_modules/@babel/runtime/helpers/asyncToGenerator.js:17:9)
    at processTicksAndRejections (internal/process/task_queues.js:97:5) 
    url - /api/v1/users 
    method - POST 
    IP - ::1
   {"timestamp":"2024-07-12T06:52:08.620Z"}
info: Server started at http://localhost:3002/api/v1/ {"timestamp":"2024-07-12T06:52:38.019Z"}
info: Connected to the database. {"timestamp":"2024-07-12T06:52:38.277Z"}
info: Server started at http://localhost:3002/api/v1/ {"timestamp":"2024-07-12T06:53:31.039Z"}
info: Connected to the database. {"timestamp":"2024-07-12T06:53:31.264Z"}
info: Server started at http://localhost:3002/api/v1/ {"timestamp":"2024-07-12T06:54:08.265Z"}
info: Connected to the database. {"timestamp":"2024-07-12T06:54:08.494Z"}
info: Server started at http://localhost:3002/api/v1/ {"timestamp":"2024-07-12T06:54:39.153Z"}
info: Connected to the database. {"timestamp":"2024-07-12T06:54:39.363Z"}
info: Server started at http://localhost:3002/api/v1/ {"timestamp":"2024-07-12T06:56:31.841Z"}
info: Connected to the database. {"timestamp":"2024-07-12T06:56:32.090Z"}
info: Server started at http://localhost:3002/api/v1/ {"timestamp":"2024-07-12T06:59:58.903Z"}
info: Connected to the database. {"timestamp":"2024-07-12T06:59:59.134Z"}
info: Server started at http://localhost:3002/api/v1/ {"timestamp":"2024-07-12T07:00:17.190Z"}
info: Connected to the database. {"timestamp":"2024-07-12T07:00:17.428Z"}
info: Server started at http://localhost:3002/api/v1/ {"timestamp":"2024-07-12T07:02:04.676Z"}
info: Connected to the database. {"timestamp":"2024-07-12T07:02:04.900Z"}
info: Server started at http://localhost:3002/api/v1/ {"timestamp":"2024-07-12T07:02:12.937Z"}
info: Connected to the database. {"timestamp":"2024-07-12T07:02:13.165Z"}
info: Server started at http://localhost:3002/api/v1/ {"timestamp":"2024-07-12T07:25:18.116Z"}
info: Connected to the database. {"timestamp":"2024-07-12T07:25:18.309Z"}
info: Server started at http://localhost:3002/api/v1/ {"timestamp":"2024-07-12T08:09:25.534Z"}
info: Connected to the database. {"timestamp":"2024-07-12T08:09:25.717Z"}
info: Server started at http://localhost:3002/api/v1/ {"timestamp":"2024-07-12T09:08:23.693Z"}
info: Connected to the database. {"timestamp":"2024-07-12T09:08:25.191Z"}
info: Server started at http://localhost:3002/api/v1/ {"timestamp":"2024-07-12T09:41:21.214Z"}
info: Connected to the database. {"timestamp":"2024-07-12T09:41:22.196Z"}
error: 
    status - 500 
    message - Error: WHERE parameter "id" has invalid "undefined" value
    at PostgresQueryGenerator.whereItemQuery (/home/user/Express_project/awesome-project/node_modules/sequelize/src/dialects/abstract/query-generator.js:2445:13)
    at /home/user/Express_project/awesome-project/node_modules/sequelize/src/dialects/abstract/query-generator.js:2434:25
    at Array.forEach (<anonymous>)
    at PostgresQueryGenerator.whereItemsQuery (/home/user/Express_project/awesome-project/node_modules/sequelize/src/dialects/abstract/query-generator.js:2432:35)
    at PostgresQueryGenerator.getWhereConditions (/home/user/Express_project/awesome-project/node_modules/sequelize/src/dialects/abstract/query-generator.js:2860:19)
    at PostgresQueryGenerator.selectQuery (/home/user/Express_project/awesome-project/node_modules/sequelize/src/dialects/abstract/query-generator.js:1460:28)
    at PostgresQueryInterface.select (/home/user/Express_project/awesome-project/node_modules/sequelize/src/dialects/abstract/query-interface.js:1002:27)
    at Function.findAll (/home/user/Express_project/awesome-project/node_modules/sequelize/src/model.js:1824:47)
    at processTicksAndRejections (internal/process/task_queues.js:97:5)
    at Function.findOne (/home/user/Express_project/awesome-project/node_modules/sequelize/src/model.js:1998:12) 
    url - /api/v1/users/3 
    method - PUT 
    IP - ::1
   {"timestamp":"2024-07-12T09:46:43.862Z"}
error: 
    status - 500 
    message - Error: WHERE parameter "id" has invalid "undefined" value
    at PostgresQueryGenerator.whereItemQuery (/home/user/Express_project/awesome-project/node_modules/sequelize/src/dialects/abstract/query-generator.js:2445:13)
    at /home/user/Express_project/awesome-project/node_modules/sequelize/src/dialects/abstract/query-generator.js:2434:25
    at Array.forEach (<anonymous>)
    at PostgresQueryGenerator.whereItemsQuery (/home/user/Express_project/awesome-project/node_modules/sequelize/src/dialects/abstract/query-generator.js:2432:35)
    at PostgresQueryGenerator.getWhereConditions (/home/user/Express_project/awesome-project/node_modules/sequelize/src/dialects/abstract/query-generator.js:2860:19)
    at PostgresQueryGenerator.selectQuery (/home/user/Express_project/awesome-project/node_modules/sequelize/src/dialects/abstract/query-generator.js:1460:28)
    at PostgresQueryInterface.select (/home/user/Express_project/awesome-project/node_modules/sequelize/src/dialects/abstract/query-interface.js:1002:27)
    at Function.findAll (/home/user/Express_project/awesome-project/node_modules/sequelize/src/model.js:1824:47)
    at processTicksAndRejections (internal/process/task_queues.js:97:5)
    at Function.findOne (/home/user/Express_project/awesome-project/node_modules/sequelize/src/model.js:1998:12) 
    url - /api/v1/users/7 
    method - PUT 
    IP - ::1
   {"timestamp":"2024-07-12T09:50:53.844Z"}
error: 
    status - 500 
    message - Error: WHERE parameter "id" has invalid "undefined" value
    at PostgresQueryGenerator.whereItemQuery (/home/user/Express_project/awesome-project/node_modules/sequelize/src/dialects/abstract/query-generator.js:2445:13)
    at /home/user/Express_project/awesome-project/node_modules/sequelize/src/dialects/abstract/query-generator.js:2434:25
    at Array.forEach (<anonymous>)
    at PostgresQueryGenerator.whereItemsQuery (/home/user/Express_project/awesome-project/node_modules/sequelize/src/dialects/abstract/query-generator.js:2432:35)
    at PostgresQueryGenerator.getWhereConditions (/home/user/Express_project/awesome-project/node_modules/sequelize/src/dialects/abstract/query-generator.js:2860:19)
    at PostgresQueryGenerator.selectQuery (/home/user/Express_project/awesome-project/node_modules/sequelize/src/dialects/abstract/query-generator.js:1460:28)
    at PostgresQueryInterface.select (/home/user/Express_project/awesome-project/node_modules/sequelize/src/dialects/abstract/query-interface.js:1002:27)
    at Function.findAll (/home/user/Express_project/awesome-project/node_modules/sequelize/src/model.js:1824:47)
    at processTicksAndRejections (internal/process/task_queues.js:97:5)
    at Function.findOne (/home/user/Express_project/awesome-project/node_modules/sequelize/src/model.js:1998:12) 
    url - /api/v1/users/7 
    method - PUT 
    IP - ::1
   {"timestamp":"2024-07-12T09:52:45.526Z"}
info: Server started at http://localhost:3002/api/v1/ {"timestamp":"2024-07-12T09:53:13.464Z"}
info: Connected to the database. {"timestamp":"2024-07-12T09:53:13.560Z"}
error: 
    status - 500 
    message - Error: WHERE parameter "id" has invalid "undefined" value
    at PostgresQueryGenerator.whereItemQuery (/home/user/Express_project/awesome-project/node_modules/sequelize/src/dialects/abstract/query-generator.js:2445:13)
    at /home/user/Express_project/awesome-project/node_modules/sequelize/src/dialects/abstract/query-generator.js:2434:25
    at Array.forEach (<anonymous>)
    at PostgresQueryGenerator.whereItemsQuery (/home/user/Express_project/awesome-project/node_modules/sequelize/src/dialects/abstract/query-generator.js:2432:35)
    at PostgresQueryGenerator.getWhereConditions (/home/user/Express_project/awesome-project/node_modules/sequelize/src/dialects/abstract/query-generator.js:2860:19)
    at PostgresQueryGenerator.selectQuery (/home/user/Express_project/awesome-project/node_modules/sequelize/src/dialects/abstract/query-generator.js:1460:28)
    at PostgresQueryInterface.select (/home/user/Express_project/awesome-project/node_modules/sequelize/src/dialects/abstract/query-interface.js:1002:27)
    at Function.findAll (/home/user/Express_project/awesome-project/node_modules/sequelize/src/model.js:1824:47)
    at processTicksAndRejections (internal/process/task_queues.js:97:5)
    at Function.findOne (/home/user/Express_project/awesome-project/node_modules/sequelize/src/model.js:1998:12) 
    url - /api/v1/users/7 
    method - PUT 
    IP - ::1
   {"timestamp":"2024-07-12T09:53:31.337Z"}
info: Server started at http://localhost:3002/api/v1/ {"timestamp":"2024-07-12T09:54:11.450Z"}
info: Connected to the database. {"timestamp":"2024-07-12T09:54:11.534Z"}
info: Server started at http://localhost:3002/api/v1/ {"timestamp":"2024-07-12T09:54:17.517Z"}
info: Connected to the database. {"timestamp":"2024-07-12T09:54:17.612Z"}
info: Server started at http://localhost:3002/api/v1/ {"timestamp":"2024-07-12T09:55:20.351Z"}
info: Connected to the database. {"timestamp":"2024-07-12T09:55:20.445Z"}
error: 
    status - 500 
    message - ReferenceError: data is not defined
    at _callee3$ (/home/user/Express_project/awesome-project/src/services/user.service.js:58:14)
    at tryCatch (/home/user/Express_project/awesome-project/node_modules/@babel/runtime/helpers/regeneratorRuntime.js:45:16)
    at Generator.<anonymous> (/home/user/Express_project/awesome-project/node_modules/@babel/runtime/helpers/regeneratorRuntime.js:133:17)
    at Generator.next (/home/user/Express_project/awesome-project/node_modules/@babel/runtime/helpers/regeneratorRuntime.js:74:21)
    at asyncGeneratorStep (/home/user/Express_project/awesome-project/node_modules/@babel/runtime/helpers/asyncToGenerator.js:3:17)
    at _next (/home/user/Express_project/awesome-project/node_modules/@babel/runtime/helpers/asyncToGenerator.js:17:9)
    at processTicksAndRejections (internal/process/task_queues.js:97:5) 
    url - /api/v1/users/7 
    method - PUT 
    IP - ::1
   {"timestamp":"2024-07-12T09:55:24.850Z"}
info: Server started at http://localhost:3002/api/v1/ {"timestamp":"2024-07-12T09:58:33.517Z"}
info: Connected to the database. {"timestamp":"2024-07-12T09:58:33.621Z"}
info: Server started at http://localhost:3002/api/v1/ {"timestamp":"2024-07-12T10:01:24.941Z"}
info: Connected to the database. {"timestamp":"2024-07-12T10:01:25.040Z"}
info: Server started at http://localhost:3002/api/v1/ {"timestamp":"2024-07-12T10:28:04.270Z"}
info: Connected to the database. {"timestamp":"2024-07-12T10:28:04.368Z"}
info: Server started at http://localhost:3002/api/v1/ {"timestamp":"2024-07-12T10:38:24.433Z"}
info: Connected to the database. {"timestamp":"2024-07-12T10:38:24.522Z"}
error: 
    status - 500 
    message - Error: Missing where or truncate attribute in the options parameter of model.destroy.
    at Function.destroy (/home/user/Express_project/awesome-project/node_modules/sequelize/src/model.js:3034:13)
    at _callee4$ (/home/user/Express_project/awesome-project/src/services/user.service.js:84:14)
    at tryCatch (/home/user/Express_project/awesome-project/node_modules/@babel/runtime/helpers/regeneratorRuntime.js:45:16)
    at Generator.<anonymous> (/home/user/Express_project/awesome-project/node_modules/@babel/runtime/helpers/regeneratorRuntime.js:133:17)
    at Generator.next (/home/user/Express_project/awesome-project/node_modules/@babel/runtime/helpers/regeneratorRuntime.js:74:21)
    at asyncGeneratorStep (/home/user/Express_project/awesome-project/node_modules/@babel/runtime/helpers/asyncToGenerator.js:3:17)
    at _next (/home/user/Express_project/awesome-project/node_modules/@babel/runtime/helpers/asyncToGenerator.js:17:9)
    at processTicksAndRejections (internal/process/task_queues.js:97:5) 
    url - /api/v1/users/8 
    method - DELETE 
    IP - ::1
   {"timestamp":"2024-07-12T10:38:54.031Z"}
info: Server started at http://localhost:3002/api/v1/ {"timestamp":"2024-07-12T10:39:22.925Z"}
info: Connected to the database. {"timestamp":"2024-07-12T10:39:23.023Z"}
error: 
    status - 500 
    message - Error: Missing where or truncate attribute in the options parameter of model.destroy.
    at Function.destroy (/home/user/Express_project/awesome-project/node_modules/sequelize/src/model.js:3034:13)
    at _callee4$ (/home/user/Express_project/awesome-project/src/services/user.service.js:84:14)
    at tryCatch (/home/user/Express_project/awesome-project/node_modules/@babel/runtime/helpers/regeneratorRuntime.js:45:16)
    at Generator.<anonymous> (/home/user/Express_project/awesome-project/node_modules/@babel/runtime/helpers/regeneratorRuntime.js:133:17)
    at Generator.next (/home/user/Express_project/awesome-project/node_modules/@babel/runtime/helpers/regeneratorRuntime.js:74:21)
    at asyncGeneratorStep (/home/user/Express_project/awesome-project/node_modules/@babel/runtime/helpers/asyncToGenerator.js:3:17)
    at _next (/home/user/Express_project/awesome-project/node_modules/@babel/runtime/helpers/asyncToGenerator.js:17:9)
    at processTicksAndRejections (internal/process/task_queues.js:97:5) 
    url - /api/v1/users/8 
    method - DELETE 
    IP - ::1
   {"timestamp":"2024-07-12T10:39:26.667Z"}
info: Server started at http://localhost:3002/api/v1/ {"timestamp":"2024-07-12T10:41:10.124Z"}
info: Connected to the database. {"timestamp":"2024-07-12T10:41:10.213Z"}
info: Server started at http://localhost:3002/api/v1/ {"timestamp":"2024-07-12T10:44:04.618Z"}
info: Connected to the database. {"timestamp":"2024-07-12T10:44:04.709Z"}
info: Server started at http://localhost:3002/api/v1/ {"timestamp":"2024-07-12T10:50:45.807Z"}
info: Connected to the database. {"timestamp":"2024-07-12T10:50:45.901Z"}
info: Server started at http://localhost:3002/api/v1/ {"timestamp":"2024-07-12T10:56:38.891Z"}
info: Connected to the database. {"timestamp":"2024-07-12T10:56:38.982Z"}
info: Server started at http://localhost:3002/api/v1/ {"timestamp":"2024-07-12T11:22:31.294Z"}
info: Connected to the database. {"timestamp":"2024-07-12T11:22:31.382Z"}
error: 
    status - 500 
    message - Error: Argument passed to findByPk is invalid: [object Object]
    at Function.findByPk (/home/user/Express_project/awesome-project/node_modules/sequelize/src/model.js:1950:13)
    at _callee5$ (/home/user/Express_project/awesome-project/src/services/user.service.js:100:27)
    at tryCatch (/home/user/Express_project/awesome-project/node_modules/@babel/runtime/helpers/regeneratorRuntime.js:45:16)
    at Generator.<anonymous> (/home/user/Express_project/awesome-project/node_modules/@babel/runtime/helpers/regeneratorRuntime.js:133:17)
    at Generator.next (/home/user/Express_project/awesome-project/node_modules/@babel/runtime/helpers/regeneratorRuntime.js:74:21)
    at asyncGeneratorStep (/home/user/Express_project/awesome-project/node_modules/@babel/runtime/helpers/asyncToGenerator.js:3:17)
    at _next (/home/user/Express_project/awesome-project/node_modules/@babel/runtime/helpers/asyncToGenerator.js:17:9)
    at /home/user/Express_project/awesome-project/node_modules/@babel/runtime/helpers/asyncToGenerator.js:22:7
    at new Promise (<anonymous>)
    at Object.<anonymous> (/home/user/Express_project/awesome-project/node_modules/@babel/runtime/helpers/asyncToGenerator.js:14:12) 
    url - /api/v1/users/3 
    method - GET 
    IP - ::1
   {"timestamp":"2024-07-12T11:22:51.169Z"}
info: Server started at http://localhost:3002/api/v1/ {"timestamp":"2024-07-12T11:23:16.040Z"}
info: Connected to the database. {"timestamp":"2024-07-12T11:23:16.129Z"}
info: Server started at http://localhost:3002/api/v1/ {"timestamp":"2024-07-12T11:24:18.786Z"}
info: Connected to the database. {"timestamp":"2024-07-12T11:24:18.881Z"}
info: Server started at http://localhost:3002/api/v1/ {"timestamp":"2024-07-12T11:26:28.662Z"}
info: Connected to the database. {"timestamp":"2024-07-12T11:26:28.752Z"}
info: Server started at http://localhost:3002/api/v1/ {"timestamp":"2024-07-12T11:26:54.441Z"}
info: Connected to the database. {"timestamp":"2024-07-12T11:26:54.531Z"}
info: Server started at http://localhost:3002/api/v1/ {"timestamp":"2024-07-12T11:27:39.314Z"}
info: Connected to the database. {"timestamp":"2024-07-12T11:27:39.398Z"}
