error: uncaughtException: Please install pg package manually
Error: Please install pg package manually
    at ConnectionManager._loadDialectModule (/home/user/demo1/awesome-project/node_modules/sequelize/src/dialects/abstract/connection-manager.js:81:15)
    at new ConnectionManager (/home/user/demo1/awesome-project/node_modules/sequelize/src/dialects/postgres/connection-manager.js:18:24)
    at new PostgresDialect (/home/user/demo1/awesome-project/node_modules/sequelize/src/dialects/postgres/index.js:15:30)
    at new Sequelize (/home/user/demo1/awesome-project/node_modules/sequelize/src/sequelize.js:368:20)
    at Object.<anonymous> (/home/user/demo1/awesome-project/src/config/database.js:25:19)
    at Module._compile (internal/modules/cjs/loader.js:999:30)
    at Module._compile (/home/user/demo1/awesome-project/node_modules/pirates/lib/index.js:117:24)
    at Module._extensions..js (internal/modules/cjs/loader.js:1027:10)
    at Object.newLoader [as .js] (/home/user/demo1/awesome-project/node_modules/pirates/lib/index.js:121:7)
    at Module.load (internal/modules/cjs/loader.js:863:32) {"date":"Wed Jul 10 2024 12:06:06 GMT+0530 (India Standard Time)","error":{},"exception":true,"os":{"loadavg":[2.62,3.37,3.42],"uptime":52361.71},"process":{"argv":["node","/home/user/demo1/awesome-project/src/index.js"],"cwd":"/home/user/demo1/awesome-project","execPath":"/usr/bin/node","gid":1000,"memoryUsage":{"arrayBuffers":925049,"external":2902896,"heapTotal":82731008,"heapUsed":61525248,"rss":134557696},"pid":13841,"uid":1000,"version":"v12.22.9"},"stack":"Error: Please install pg package manually\n    at ConnectionManager._loadDialectModule (/home/user/demo1/awesome-project/node_modules/sequelize/src/dialects/abstract/connection-manager.js:81:15)\n    at new ConnectionManager (/home/user/demo1/awesome-project/node_modules/sequelize/src/dialects/postgres/connection-manager.js:18:24)\n    at new PostgresDialect (/home/user/demo1/awesome-project/node_modules/sequelize/src/dialects/postgres/index.js:15:30)\n    at new Sequelize (/home/user/demo1/awesome-project/node_modules/sequelize/src/sequelize.js:368:20)\n    at Object.<anonymous> (/home/user/demo1/awesome-project/src/config/database.js:25:19)\n    at Module._compile (internal/modules/cjs/loader.js:999:30)\n    at Module._compile (/home/user/demo1/awesome-project/node_modules/pirates/lib/index.js:117:24)\n    at Module._extensions..js (internal/modules/cjs/loader.js:1027:10)\n    at Object.newLoader [as .js] (/home/user/demo1/awesome-project/node_modules/pirates/lib/index.js:121:7)\n    at Module.load (internal/modules/cjs/loader.js:863:32)","timestamp":"2024-07-10T06:36:06.225Z","trace":[{"column":15,"file":"/home/user/demo1/awesome-project/node_modules/sequelize/src/dialects/abstract/connection-manager.js","function":"ConnectionManager._loadDialectModule","line":81,"method":"_loadDialectModule","native":false},{"column":24,"file":"/home/user/demo1/awesome-project/node_modules/sequelize/src/dialects/postgres/connection-manager.js","function":"new ConnectionManager","line":18,"method":null,"native":false},{"column":30,"file":"/home/user/demo1/awesome-project/node_modules/sequelize/src/dialects/postgres/index.js","function":"new PostgresDialect","line":15,"method":null,"native":false},{"column":20,"file":"/home/user/demo1/awesome-project/node_modules/sequelize/src/sequelize.js","function":"new Sequelize","line":368,"method":null,"native":false},{"column":19,"file":"/home/user/demo1/awesome-project/src/config/database.js","function":null,"line":25,"method":null,"native":false},{"column":30,"file":"internal/modules/cjs/loader.js","function":"Module._compile","line":999,"method":"_compile","native":false},{"column":24,"file":"/home/user/demo1/awesome-project/node_modules/pirates/lib/index.js","function":"Module._compile","line":117,"method":"_compile","native":false},{"column":10,"file":"internal/modules/cjs/loader.js","function":"Module._extensions..js","line":1027,"method":".js","native":false},{"column":7,"file":"/home/user/demo1/awesome-project/node_modules/pirates/lib/index.js","function":"Object.newLoader [as .js]","line":121,"method":"js]","native":false},{"column":32,"file":"internal/modules/cjs/loader.js","function":"Module.load","line":863,"method":"load","native":false}]}
error: uncaughtException: listen EADDRINUSE: address already in use :::3000
Error: listen EADDRINUSE: address already in use :::3000
    at Server.setupListenHandle [as _listen2] (net.js:1310:16)
    at listenInCluster (net.js:1358:12)
    at Server.listen (net.js:1444:7)
    at Function.listen (/home/user/demo1/awesome-project/node_modules/express/lib/application.js:635:24)
    at Object.<anonymous> (/home/user/demo1/awesome-project/src/index.js:34:5)
    at Module._compile (internal/modules/cjs/loader.js:999:30)
    at Module._compile (/home/user/demo1/awesome-project/node_modules/pirates/lib/index.js:117:24)
    at Module._extensions..js (internal/modules/cjs/loader.js:1027:10)
    at Object.newLoader [as .js] (/home/user/demo1/awesome-project/node_modules/pirates/lib/index.js:121:7)
    at Module.load (internal/modules/cjs/loader.js:863:32) {"date":"Wed Jul 10 2024 12:06:35 GMT+0530 (India Standard Time)","error":{"address":"::","code":"EADDRINUSE","errno":"EADDRINUSE","port":3000,"syscall":"listen"},"exception":true,"os":{"loadavg":[2.53,3.27,3.38],"uptime":52391.15},"process":{"argv":["node","/home/user/demo1/awesome-project/src/index.js"],"cwd":"/home/user/demo1/awesome-project","execPath":"/usr/bin/node","gid":1000,"memoryUsage":{"arrayBuffers":425679,"external":2442017,"heapTotal":87232512,"heapUsed":56810664,"rss":139575296},"pid":14028,"uid":1000,"version":"v12.22.9"},"stack":"Error: listen EADDRINUSE: address already in use :::3000\n    at Server.setupListenHandle [as _listen2] (net.js:1310:16)\n    at listenInCluster (net.js:1358:12)\n    at Server.listen (net.js:1444:7)\n    at Function.listen (/home/user/demo1/awesome-project/node_modules/express/lib/application.js:635:24)\n    at Object.<anonymous> (/home/user/demo1/awesome-project/src/index.js:34:5)\n    at Module._compile (internal/modules/cjs/loader.js:999:30)\n    at Module._compile (/home/user/demo1/awesome-project/node_modules/pirates/lib/index.js:117:24)\n    at Module._extensions..js (internal/modules/cjs/loader.js:1027:10)\n    at Object.newLoader [as .js] (/home/user/demo1/awesome-project/node_modules/pirates/lib/index.js:121:7)\n    at Module.load (internal/modules/cjs/loader.js:863:32)","timestamp":"2024-07-10T06:36:35.663Z","trace":[{"column":16,"file":"net.js","function":"Server.setupListenHandle [as _listen2]","line":1310,"method":"setupListenHandle [as _listen2]","native":false},{"column":12,"file":"net.js","function":"listenInCluster","line":1358,"method":null,"native":false},{"column":7,"file":"net.js","function":"Server.listen","line":1444,"method":"listen","native":false},{"column":24,"file":"/home/user/demo1/awesome-project/node_modules/express/lib/application.js","function":"Function.listen","line":635,"method":"listen","native":false},{"column":5,"file":"/home/user/demo1/awesome-project/src/index.js","function":null,"line":34,"method":null,"native":false},{"column":30,"file":"internal/modules/cjs/loader.js","function":"Module._compile","line":999,"method":"_compile","native":false},{"column":24,"file":"/home/user/demo1/awesome-project/node_modules/pirates/lib/index.js","function":"Module._compile","line":117,"method":"_compile","native":false},{"column":10,"file":"internal/modules/cjs/loader.js","function":"Module._extensions..js","line":1027,"method":".js","native":false},{"column":7,"file":"/home/user/demo1/awesome-project/node_modules/pirates/lib/index.js","function":"Object.newLoader [as .js]","line":121,"method":"js]","native":false},{"column":32,"file":"internal/modules/cjs/loader.js","function":"Module.load","line":863,"method":"load","native":false}]}
error: uncaughtException: listen EADDRINUSE: address already in use :::3000
Error: listen EADDRINUSE: address already in use :::3000
    at Server.setupListenHandle [as _listen2] (net.js:1310:16)
    at listenInCluster (net.js:1358:12)
    at Server.listen (net.js:1444:7)
    at Function.listen (/home/user/demo1/awesome-project/node_modules/express/lib/application.js:635:24)
    at Object.<anonymous> (/home/user/demo1/awesome-project/src/index.js:34:5)
    at Module._compile (internal/modules/cjs/loader.js:999:30)
    at Module._compile (/home/user/demo1/awesome-project/node_modules/pirates/lib/index.js:117:24)
    at Module._extensions..js (internal/modules/cjs/loader.js:1027:10)
    at Object.newLoader [as .js] (/home/user/demo1/awesome-project/node_modules/pirates/lib/index.js:121:7)
    at Module.load (internal/modules/cjs/loader.js:863:32) {"date":"Wed Jul 10 2024 12:06:54 GMT+0530 (India Standard Time)","error":{"address":"::","code":"EADDRINUSE","errno":"EADDRINUSE","port":3000,"syscall":"listen"},"exception":true,"os":{"loadavg":[2.34,3.18,3.35],"uptime":52410.43},"process":{"argv":["node","/home/user/demo1/awesome-project/src/index.js"],"cwd":"/home/user/demo1/awesome-project","execPath":"/usr/bin/node","gid":1000,"memoryUsage":{"arrayBuffers":559884,"external":2576222,"heapTotal":84373504,"heapUsed":56764328,"rss":135528448},"pid":14180,"uid":1000,"version":"v12.22.9"},"stack":"Error: listen EADDRINUSE: address already in use :::3000\n    at Server.setupListenHandle [as _listen2] (net.js:1310:16)\n    at listenInCluster (net.js:1358:12)\n    at Server.listen (net.js:1444:7)\n    at Function.listen (/home/user/demo1/awesome-project/node_modules/express/lib/application.js:635:24)\n    at Object.<anonymous> (/home/user/demo1/awesome-project/src/index.js:34:5)\n    at Module._compile (internal/modules/cjs/loader.js:999:30)\n    at Module._compile (/home/user/demo1/awesome-project/node_modules/pirates/lib/index.js:117:24)\n    at Module._extensions..js (internal/modules/cjs/loader.js:1027:10)\n    at Object.newLoader [as .js] (/home/user/demo1/awesome-project/node_modules/pirates/lib/index.js:121:7)\n    at Module.load (internal/modules/cjs/loader.js:863:32)","timestamp":"2024-07-10T06:36:54.945Z","trace":[{"column":16,"file":"net.js","function":"Server.setupListenHandle [as _listen2]","line":1310,"method":"setupListenHandle [as _listen2]","native":false},{"column":12,"file":"net.js","function":"listenInCluster","line":1358,"method":null,"native":false},{"column":7,"file":"net.js","function":"Server.listen","line":1444,"method":"listen","native":false},{"column":24,"file":"/home/user/demo1/awesome-project/node_modules/express/lib/application.js","function":"Function.listen","line":635,"method":"listen","native":false},{"column":5,"file":"/home/user/demo1/awesome-project/src/index.js","function":null,"line":34,"method":null,"native":false},{"column":30,"file":"internal/modules/cjs/loader.js","function":"Module._compile","line":999,"method":"_compile","native":false},{"column":24,"file":"/home/user/demo1/awesome-project/node_modules/pirates/lib/index.js","function":"Module._compile","line":117,"method":"_compile","native":false},{"column":10,"file":"internal/modules/cjs/loader.js","function":"Module._extensions..js","line":1027,"method":".js","native":false},{"column":7,"file":"/home/user/demo1/awesome-project/node_modules/pirates/lib/index.js","function":"Object.newLoader [as .js]","line":121,"method":"js]","native":false},{"column":32,"file":"internal/modules/cjs/loader.js","function":"Module.load","line":863,"method":"load","native":false}]}
info: Server started at http://localhost:3002/api/v1/ {"timestamp":"2024-07-10T06:37:18.649Z"}
info: Connected to the database. {"timestamp":"2024-07-10T06:37:18.750Z"}
info: Server started at http://localhost:3002/api/v1/ {"timestamp":"2024-07-10T06:50:24.580Z"}
info: Connected to the database. {"timestamp":"2024-07-10T06:50:24.699Z"}
info: Server started at http://localhost:3002/api/v1/ {"timestamp":"2024-07-10T06:51:36.656Z"}
info: Connected to the database. {"timestamp":"2024-07-10T06:51:36.772Z"}
info: Server started at http://localhost:3002/api/v1/ {"timestamp":"2024-07-10T06:51:54.189Z"}
info: Connected to the database. {"timestamp":"2024-07-10T06:51:54.302Z"}
info: Server started at http://localhost:3002/api/v1/ {"timestamp":"2024-07-10T06:52:11.075Z"}
info: Connected to the database. {"timestamp":"2024-07-10T06:52:11.211Z"}
info: Server started at http://localhost:3002/api/v1/ {"timestamp":"2024-07-10T07:09:56.350Z"}
info: Connected to the database. {"timestamp":"2024-07-10T07:09:56.480Z"}
info: Server started at http://localhost:3002/api/v1/ {"timestamp":"2024-07-10T07:28:55.412Z"}
info: Connected to the database. {"timestamp":"2024-07-10T07:28:55.564Z"}
info: Server started at http://localhost:3002/api/v1/ {"timestamp":"2024-07-10T08:29:19.388Z"}
info: Connected to the database. {"timestamp":"2024-07-10T08:29:19.480Z"}
info: Server started at http://localhost:3002/api/v1/ {"timestamp":"2024-07-11T06:22:09.242Z"}
info: Connected to the database. {"timestamp":"2024-07-11T06:22:09.633Z"}
error: 
    status - 500 
    message - ValidationError: "lastName" length must be at least 3 characters long 
    url - /api/v1/users 
    method - POST 
    IP - ::1
   {"timestamp":"2024-07-11T06:24:19.585Z"}
info: Server started at http://localhost:3002/api/v1/ {"timestamp":"2024-07-11T06:27:37.298Z"}
info: Connected to the database. {"timestamp":"2024-07-11T06:27:37.542Z"}
info: Server started at http://localhost:3002/api/v1/ {"timestamp":"2024-07-11T06:30:52.321Z"}
info: Connected to the database. {"timestamp":"2024-07-11T06:30:52.565Z"}
info: Server started at http://localhost:3002/api/v1/ {"timestamp":"2024-07-11T07:01:15.540Z"}
info: Connected to the database. {"timestamp":"2024-07-11T07:01:15.757Z"}
info: Server started at http://localhost:3002/api/v1/ {"timestamp":"2024-07-11T07:01:21.399Z"}
info: Connected to the database. {"timestamp":"2024-07-11T07:01:21.564Z"}
error: 
      status - 400
      message - Authorization token is required 
      url - /api/v1/users/2 
      method - GET 
      IP - ::1
     {"timestamp":"2024-07-11T07:01:52.826Z"}
info: Server started at http://localhost:3002/api/v1/ {"timestamp":"2024-07-11T07:03:56.047Z"}
info: Connected to the database. {"timestamp":"2024-07-11T07:03:56.221Z"}
info: Server started at http://localhost:3002/api/v1/ {"timestamp":"2024-07-11T07:05:59.269Z"}
info: Connected to the database. {"timestamp":"2024-07-11T07:05:59.456Z"}
error: 
    status - 500 
    message - ValidationError: "firstName" is required 
    url - /api/v1/users 
    method - POST 
    IP - ::1
   {"timestamp":"2024-07-11T07:11:39.311Z"}
error: 
    status - 500 
    message - ValidationError: "firstName" is required 
    url - /api/v1/users 
    method - POST 
    IP - ::1
   {"timestamp":"2024-07-11T07:32:29.621Z"}
info: Server started at http://localhost:3002/api/v1/ {"timestamp":"2024-07-11T08:59:10.674Z"}
info: Connected to the database. {"timestamp":"2024-07-11T08:59:10.845Z"}
