error: uncaughtException: Please install pg package manually
Error: Please install pg package manually
    at ConnectionManager._loadDialectModule (/home/user/demo1/awesome-project/node_modules/sequelize/src/dialects/abstract/connection-manager.js:81:15)
    at new ConnectionManager (/home/user/demo1/awesome-project/node_modules/sequelize/src/dialects/postgres/connection-manager.js:18:24)
    at new PostgresDialect (/home/user/demo1/awesome-project/node_modules/sequelize/src/dialects/postgres/index.js:15:30)
    at new Sequelize (/home/user/demo1/awesome-project/node_modules/sequelize/src/sequelize.js:368:20)
    at Object.<anonymous> (/home/user/demo1/awesome-project/src/config/database.js:25:19)
    at Module._compile (internal/modules/cjs/loader.js:999:30)
    at Module._compile (/home/user/demo1/awesome-project/node_modules/pirates/lib/index.js:117:24)
    at Module._extensions..js (internal/modules/cjs/loader.js:1027:10)
    at Object.newLoader [as .js] (/home/user/demo1/awesome-project/node_modules/pirates/lib/index.js:121:7)
    at Module.load (internal/modules/cjs/loader.js:863:32) {"date":"Wed Jul 10 2024 12:06:06 GMT+0530 (India Standard Time)","error":{},"exception":true,"os":{"loadavg":[2.62,3.37,3.42],"uptime":52361.71},"process":{"argv":["node","/home/user/demo1/awesome-project/src/index.js"],"cwd":"/home/user/demo1/awesome-project","execPath":"/usr/bin/node","gid":1000,"memoryUsage":{"arrayBuffers":925049,"external":2902896,"heapTotal":82731008,"heapUsed":61525248,"rss":134557696},"pid":13841,"uid":1000,"version":"v12.22.9"},"stack":"Error: Please install pg package manually\n    at ConnectionManager._loadDialectModule (/home/user/demo1/awesome-project/node_modules/sequelize/src/dialects/abstract/connection-manager.js:81:15)\n    at new ConnectionManager (/home/user/demo1/awesome-project/node_modules/sequelize/src/dialects/postgres/connection-manager.js:18:24)\n    at new PostgresDialect (/home/user/demo1/awesome-project/node_modules/sequelize/src/dialects/postgres/index.js:15:30)\n    at new Sequelize (/home/user/demo1/awesome-project/node_modules/sequelize/src/sequelize.js:368:20)\n    at Object.<anonymous> (/home/user/demo1/awesome-project/src/config/database.js:25:19)\n    at Module._compile (internal/modules/cjs/loader.js:999:30)\n    at Module._compile (/home/user/demo1/awesome-project/node_modules/pirates/lib/index.js:117:24)\n    at Module._extensions..js (internal/modules/cjs/loader.js:1027:10)\n    at Object.newLoader [as .js] (/home/user/demo1/awesome-project/node_modules/pirates/lib/index.js:121:7)\n    at Module.load (internal/modules/cjs/loader.js:863:32)","timestamp":"2024-07-10T06:36:06.225Z","trace":[{"column":15,"file":"/home/user/demo1/awesome-project/node_modules/sequelize/src/dialects/abstract/connection-manager.js","function":"ConnectionManager._loadDialectModule","line":81,"method":"_loadDialectModule","native":false},{"column":24,"file":"/home/user/demo1/awesome-project/node_modules/sequelize/src/dialects/postgres/connection-manager.js","function":"new ConnectionManager","line":18,"method":null,"native":false},{"column":30,"file":"/home/user/demo1/awesome-project/node_modules/sequelize/src/dialects/postgres/index.js","function":"new PostgresDialect","line":15,"method":null,"native":false},{"column":20,"file":"/home/user/demo1/awesome-project/node_modules/sequelize/src/sequelize.js","function":"new Sequelize","line":368,"method":null,"native":false},{"column":19,"file":"/home/user/demo1/awesome-project/src/config/database.js","function":null,"line":25,"method":null,"native":false},{"column":30,"file":"internal/modules/cjs/loader.js","function":"Module._compile","line":999,"method":"_compile","native":false},{"column":24,"file":"/home/user/demo1/awesome-project/node_modules/pirates/lib/index.js","function":"Module._compile","line":117,"method":"_compile","native":false},{"column":10,"file":"internal/modules/cjs/loader.js","function":"Module._extensions..js","line":1027,"method":".js","native":false},{"column":7,"file":"/home/user/demo1/awesome-project/node_modules/pirates/lib/index.js","function":"Object.newLoader [as .js]","line":121,"method":"js]","native":false},{"column":32,"file":"internal/modules/cjs/loader.js","function":"Module.load","line":863,"method":"load","native":false}]}
error: uncaughtException: listen EADDRINUSE: address already in use :::3000
Error: listen EADDRINUSE: address already in use :::3000
    at Server.setupListenHandle [as _listen2] (net.js:1310:16)
    at listenInCluster (net.js:1358:12)
    at Server.listen (net.js:1444:7)
    at Function.listen (/home/user/demo1/awesome-project/node_modules/express/lib/application.js:635:24)
    at Object.<anonymous> (/home/user/demo1/awesome-project/src/index.js:34:5)
    at Module._compile (internal/modules/cjs/loader.js:999:30)
    at Module._compile (/home/user/demo1/awesome-project/node_modules/pirates/lib/index.js:117:24)
    at Module._extensions..js (internal/modules/cjs/loader.js:1027:10)
    at Object.newLoader [as .js] (/home/user/demo1/awesome-project/node_modules/pirates/lib/index.js:121:7)
    at Module.load (internal/modules/cjs/loader.js:863:32) {"date":"Wed Jul 10 2024 12:06:35 GMT+0530 (India Standard Time)","error":{"address":"::","code":"EADDRINUSE","errno":"EADDRINUSE","port":3000,"syscall":"listen"},"exception":true,"os":{"loadavg":[2.53,3.27,3.38],"uptime":52391.15},"process":{"argv":["node","/home/user/demo1/awesome-project/src/index.js"],"cwd":"/home/user/demo1/awesome-project","execPath":"/usr/bin/node","gid":1000,"memoryUsage":{"arrayBuffers":425679,"external":2442017,"heapTotal":87232512,"heapUsed":56810664,"rss":139575296},"pid":14028,"uid":1000,"version":"v12.22.9"},"stack":"Error: listen EADDRINUSE: address already in use :::3000\n    at Server.setupListenHandle [as _listen2] (net.js:1310:16)\n    at listenInCluster (net.js:1358:12)\n    at Server.listen (net.js:1444:7)\n    at Function.listen (/home/user/demo1/awesome-project/node_modules/express/lib/application.js:635:24)\n    at Object.<anonymous> (/home/user/demo1/awesome-project/src/index.js:34:5)\n    at Module._compile (internal/modules/cjs/loader.js:999:30)\n    at Module._compile (/home/user/demo1/awesome-project/node_modules/pirates/lib/index.js:117:24)\n    at Module._extensions..js (internal/modules/cjs/loader.js:1027:10)\n    at Object.newLoader [as .js] (/home/user/demo1/awesome-project/node_modules/pirates/lib/index.js:121:7)\n    at Module.load (internal/modules/cjs/loader.js:863:32)","timestamp":"2024-07-10T06:36:35.663Z","trace":[{"column":16,"file":"net.js","function":"Server.setupListenHandle [as _listen2]","line":1310,"method":"setupListenHandle [as _listen2]","native":false},{"column":12,"file":"net.js","function":"listenInCluster","line":1358,"method":null,"native":false},{"column":7,"file":"net.js","function":"Server.listen","line":1444,"method":"listen","native":false},{"column":24,"file":"/home/user/demo1/awesome-project/node_modules/express/lib/application.js","function":"Function.listen","line":635,"method":"listen","native":false},{"column":5,"file":"/home/user/demo1/awesome-project/src/index.js","function":null,"line":34,"method":null,"native":false},{"column":30,"file":"internal/modules/cjs/loader.js","function":"Module._compile","line":999,"method":"_compile","native":false},{"column":24,"file":"/home/user/demo1/awesome-project/node_modules/pirates/lib/index.js","function":"Module._compile","line":117,"method":"_compile","native":false},{"column":10,"file":"internal/modules/cjs/loader.js","function":"Module._extensions..js","line":1027,"method":".js","native":false},{"column":7,"file":"/home/user/demo1/awesome-project/node_modules/pirates/lib/index.js","function":"Object.newLoader [as .js]","line":121,"method":"js]","native":false},{"column":32,"file":"internal/modules/cjs/loader.js","function":"Module.load","line":863,"method":"load","native":false}]}
error: uncaughtException: listen EADDRINUSE: address already in use :::3000
Error: listen EADDRINUSE: address already in use :::3000
    at Server.setupListenHandle [as _listen2] (net.js:1310:16)
    at listenInCluster (net.js:1358:12)
    at Server.listen (net.js:1444:7)
    at Function.listen (/home/user/demo1/awesome-project/node_modules/express/lib/application.js:635:24)
    at Object.<anonymous> (/home/user/demo1/awesome-project/src/index.js:34:5)
    at Module._compile (internal/modules/cjs/loader.js:999:30)
    at Module._compile (/home/user/demo1/awesome-project/node_modules/pirates/lib/index.js:117:24)
    at Module._extensions..js (internal/modules/cjs/loader.js:1027:10)
    at Object.newLoader [as .js] (/home/user/demo1/awesome-project/node_modules/pirates/lib/index.js:121:7)
    at Module.load (internal/modules/cjs/loader.js:863:32) {"date":"Wed Jul 10 2024 12:06:54 GMT+0530 (India Standard Time)","error":{"address":"::","code":"EADDRINUSE","errno":"EADDRINUSE","port":3000,"syscall":"listen"},"exception":true,"os":{"loadavg":[2.34,3.18,3.35],"uptime":52410.43},"process":{"argv":["node","/home/user/demo1/awesome-project/src/index.js"],"cwd":"/home/user/demo1/awesome-project","execPath":"/usr/bin/node","gid":1000,"memoryUsage":{"arrayBuffers":559884,"external":2576222,"heapTotal":84373504,"heapUsed":56764328,"rss":135528448},"pid":14180,"uid":1000,"version":"v12.22.9"},"stack":"Error: listen EADDRINUSE: address already in use :::3000\n    at Server.setupListenHandle [as _listen2] (net.js:1310:16)\n    at listenInCluster (net.js:1358:12)\n    at Server.listen (net.js:1444:7)\n    at Function.listen (/home/user/demo1/awesome-project/node_modules/express/lib/application.js:635:24)\n    at Object.<anonymous> (/home/user/demo1/awesome-project/src/index.js:34:5)\n    at Module._compile (internal/modules/cjs/loader.js:999:30)\n    at Module._compile (/home/user/demo1/awesome-project/node_modules/pirates/lib/index.js:117:24)\n    at Module._extensions..js (internal/modules/cjs/loader.js:1027:10)\n    at Object.newLoader [as .js] (/home/user/demo1/awesome-project/node_modules/pirates/lib/index.js:121:7)\n    at Module.load (internal/modules/cjs/loader.js:863:32)","timestamp":"2024-07-10T06:36:54.945Z","trace":[{"column":16,"file":"net.js","function":"Server.setupListenHandle [as _listen2]","line":1310,"method":"setupListenHandle [as _listen2]","native":false},{"column":12,"file":"net.js","function":"listenInCluster","line":1358,"method":null,"native":false},{"column":7,"file":"net.js","function":"Server.listen","line":1444,"method":"listen","native":false},{"column":24,"file":"/home/user/demo1/awesome-project/node_modules/express/lib/application.js","function":"Function.listen","line":635,"method":"listen","native":false},{"column":5,"file":"/home/user/demo1/awesome-project/src/index.js","function":null,"line":34,"method":null,"native":false},{"column":30,"file":"internal/modules/cjs/loader.js","function":"Module._compile","line":999,"method":"_compile","native":false},{"column":24,"file":"/home/user/demo1/awesome-project/node_modules/pirates/lib/index.js","function":"Module._compile","line":117,"method":"_compile","native":false},{"column":10,"file":"internal/modules/cjs/loader.js","function":"Module._extensions..js","line":1027,"method":".js","native":false},{"column":7,"file":"/home/user/demo1/awesome-project/node_modules/pirates/lib/index.js","function":"Object.newLoader [as .js]","line":121,"method":"js]","native":false},{"column":32,"file":"internal/modules/cjs/loader.js","function":"Module.load","line":863,"method":"load","native":false}]}
error: 
    status - 500 
    message - ValidationError: "lastName" length must be at least 3 characters long 
    url - /api/v1/users 
    method - POST 
    IP - ::1
   {"timestamp":"2024-07-11T06:24:19.585Z"}
error: 
      status - 400
      message - Authorization token is required 
      url - /api/v1/users/2 
      method - GET 
      IP - ::1
     {"timestamp":"2024-07-11T07:01:52.826Z"}
error: 
    status - 500 
    message - ValidationError: "firstName" is required 
    url - /api/v1/users 
    method - POST 
    IP - ::1
   {"timestamp":"2024-07-11T07:11:39.311Z"}
error: 
    status - 500 
    message - ValidationError: "firstName" is required 
    url - /api/v1/users 
    method - POST 
    IP - ::1
   {"timestamp":"2024-07-11T07:32:29.621Z"}
error: uncaughtException: EIO: i/o error, write
Error: EIO: i/o error, write
    at writeSync (fs.js:679:3)
    at SyncWriteStream._write (internal/fs/sync_write_stream.js:24:3)
    at doWrite (_stream_writable.js:403:12)
    at writeOrBuffer (_stream_writable.js:387:5)
    at SyncWriteStream.Writable.write (_stream_writable.js:318:11)
    at Console.log (/home/user/Express_project/awesome-project/node_modules/winston/lib/winston/transports/console.js:79:23)
    at Console._write (/home/user/Express_project/awesome-project/node_modules/winston-transport/modern.js:82:19)
    at doWrite (/home/user/Express_project/awesome-project/node_modules/winston-transport/node_modules/readable-stream/lib/_stream_writable.js:390:139)
    at writeOrBuffer (/home/user/Express_project/awesome-project/node_modules/winston-transport/node_modules/readable-stream/lib/_stream_writable.js:381:5)
    at Console.Writable.write (/home/user/Express_project/awesome-project/node_modules/winston-transport/node_modules/readable-stream/lib/_stream_writable.js:302:11) {"date":"Thu Jul 11 2024 20:42:27 GMT+0530 (India Standard Time)","error":{"code":"EIO","errno":-5,"syscall":"write"},"exception":true,"os":{"loadavg":[1.63,1,0.65],"uptime":81506.17},"process":{"argv":["node","/home/user/Express_project/awesome-project/src/index.js"],"cwd":"/home/user/Express_project/awesome-project","execPath":"/usr/bin/node","gid":1000,"memoryUsage":{"arrayBuffers":866979,"external":2884285,"heapTotal":93155328,"heapUsed":64019232,"rss":144760832},"pid":20672,"uid":1000,"version":"v12.22.9"},"stack":"Error: EIO: i/o error, write\n    at writeSync (fs.js:679:3)\n    at SyncWriteStream._write (internal/fs/sync_write_stream.js:24:3)\n    at doWrite (_stream_writable.js:403:12)\n    at writeOrBuffer (_stream_writable.js:387:5)\n    at SyncWriteStream.Writable.write (_stream_writable.js:318:11)\n    at Console.log (/home/user/Express_project/awesome-project/node_modules/winston/lib/winston/transports/console.js:79:23)\n    at Console._write (/home/user/Express_project/awesome-project/node_modules/winston-transport/modern.js:82:19)\n    at doWrite (/home/user/Express_project/awesome-project/node_modules/winston-transport/node_modules/readable-stream/lib/_stream_writable.js:390:139)\n    at writeOrBuffer (/home/user/Express_project/awesome-project/node_modules/winston-transport/node_modules/readable-stream/lib/_stream_writable.js:381:5)\n    at Console.Writable.write (/home/user/Express_project/awesome-project/node_modules/winston-transport/node_modules/readable-stream/lib/_stream_writable.js:302:11)","timestamp":"2024-07-11T15:12:27.570Z","trace":[{"column":3,"file":"fs.js","function":"writeSync","line":679,"method":null,"native":false},{"column":3,"file":"internal/fs/sync_write_stream.js","function":"SyncWriteStream._write","line":24,"method":"_write","native":false},{"column":12,"file":"_stream_writable.js","function":"doWrite","line":403,"method":null,"native":false},{"column":5,"file":"_stream_writable.js","function":"writeOrBuffer","line":387,"method":null,"native":false},{"column":11,"file":"_stream_writable.js","function":"SyncWriteStream.Writable.write","line":318,"method":"write","native":false},{"column":23,"file":"/home/user/Express_project/awesome-project/node_modules/winston/lib/winston/transports/console.js","function":"Console.log","line":79,"method":"log","native":false},{"column":19,"file":"/home/user/Express_project/awesome-project/node_modules/winston-transport/modern.js","function":"Console._write","line":82,"method":"_write","native":false},{"column":139,"file":"/home/user/Express_project/awesome-project/node_modules/winston-transport/node_modules/readable-stream/lib/_stream_writable.js","function":"doWrite","line":390,"method":null,"native":false},{"column":5,"file":"/home/user/Express_project/awesome-project/node_modules/winston-transport/node_modules/readable-stream/lib/_stream_writable.js","function":"writeOrBuffer","line":381,"method":null,"native":false},{"column":11,"file":"/home/user/Express_project/awesome-project/node_modules/winston-transport/node_modules/readable-stream/lib/_stream_writable.js","function":"Console.Writable.write","line":302,"method":"write","native":false}]}
error: 
    status - 500 
    message - ValidationError: "firstName" is required 
    url - /api/v1/users 
    method - POST 
    IP - ::1
   {"timestamp":"2024-07-11T23:17:34.772Z"}
error: 
      status - 400
      message - Authorization token is required 
      url - /api/v1/users/3 
      method - GET 
      IP - ::1
     {"timestamp":"2024-07-11T23:23:43.222Z"}
error: 
      status - 400
      message - Authorization token is required 
      url - /api/v1/users/2 
      method - GET 
      IP - ::1
     {"timestamp":"2024-07-11T23:24:17.089Z"}
error: 
      status - 400
      message - Authorization token is required 
      url - /api/v1/users/2 
      method - GET 
      IP - ::1
     {"timestamp":"2024-07-11T23:24:41.325Z"}
error: 
      status - 400
      message - Authorization token is required 
      url - /api/v1/users/:2 
      method - GET 
      IP - ::1
     {"timestamp":"2024-07-11T23:25:51.640Z"}
error: 
      status - 400
      message - Authorization token is required 
      url - /api/v1/users/2 
      method - GET 
      IP - ::1
     {"timestamp":"2024-07-11T23:26:02.823Z"}
error: 
      status - 400
      message - Authorization token is required 
      url - /api/v1/users/2 
      method - GET 
      IP - ::1
     {"timestamp":"2024-07-11T23:35:27.726Z"}
error: 
      status - 400
      message - Authorization token is required 
      url - /api/v1/users/1 
      method - GET 
      IP - ::1
     {"timestamp":"2024-07-11T23:40:24.089Z"}
error: 
      status - 400
      message - Authorization token is required 
      url - /api/v1/users/3 
      method - GET 
      IP - ::1
     {"timestamp":"2024-07-11T23:45:02.642Z"}
error: 
      status - 400
      message - Authorization token is required 
      url - /api/v1/users/2 
      method - GET 
      IP - ::1
     {"timestamp":"2024-07-11T23:45:34.124Z"}
error: 
      status - 400
      message - Authorization token is required 
      url - /api/v1/users/1 
      method - GET 
      IP - ::1
     {"timestamp":"2024-07-12T00:05:31.980Z"}
error: 
    status - 500 
    message - ReferenceError: data is not defined
    at _callee5$ (/home/user/Express_project/awesome-project/src/controllers/user.controller.js:92:13)
    at tryCatch (/home/user/Express_project/awesome-project/node_modules/@babel/runtime/helpers/regeneratorRuntime.js:45:16)
    at Generator.<anonymous> (/home/user/Express_project/awesome-project/node_modules/@babel/runtime/helpers/regeneratorRuntime.js:133:17)
    at Generator.next (/home/user/Express_project/awesome-project/node_modules/@babel/runtime/helpers/regeneratorRuntime.js:74:21)
    at asyncGeneratorStep (/home/user/Express_project/awesome-project/node_modules/@babel/runtime/helpers/asyncToGenerator.js:3:17)
    at _next (/home/user/Express_project/awesome-project/node_modules/@babel/runtime/helpers/asyncToGenerator.js:17:9)
    at processTicksAndRejections (internal/process/task_queues.js:97:5) 
    url - /api/v1/users/4 
    method - DELETE 
    IP - ::1
   {"timestamp":"2024-07-12T00:09:24.250Z"}
error: 
      status - 400
      message - Authorization token is required 
      url - /api/v1/users/1 
      method - GET 
      IP - ::1
     {"timestamp":"2024-07-12T00:39:51.616Z"}
error: 
      status - 400
      message - Authorization token is required 
      url - /api/v1/users/1 
      method - GET 
      IP - ::1
     {"timestamp":"2024-07-12T00:40:19.383Z"}
error: 
      status - 400
      message - Authorization token is required 
      url - /api/v1/users/1 
      method - GET 
      IP - ::1
     {"timestamp":"2024-07-12T00:45:08.333Z"}
error: 
      status - 400
      message - Authorization token is required 
      url - /api/v1/users/1 
      method - GET 
      IP - ::1
     {"timestamp":"2024-07-12T00:46:41.321Z"}
error: 
      status - 400
      message - Authorization token is required 
      url - /api/v1/users/1 
      method - GET 
      IP - ::1
     {"timestamp":"2024-07-12T00:49:34.634Z"}
error: 
    status - 500 
    message - ValidationError: "password" with value "Pooja@1234" fails to match the required pattern: /^[a-zA-Z0-9]{3,30}$/ 
    url - /api/v1/users 
    method - POST 
    IP - ::1
   {"timestamp":"2024-07-12T06:13:42.687Z"}
error: 
    status - 500 
    message - Error: 
    at Query.run (/home/user/Express_project/awesome-project/node_modules/sequelize/src/dialects/postgres/query.js:76:25)
    at /home/user/Express_project/awesome-project/node_modules/sequelize/src/sequelize.js:650:28
    at processTicksAndRejections (internal/process/task_queues.js:97:5)
    at PostgresQueryInterface.insert (/home/user/Express_project/awesome-project/node_modules/sequelize/src/dialects/abstract/query-interface.js:795:21)
    at user.save (/home/user/Express_project/awesome-project/node_modules/sequelize/src/model.js:4154:35)
    at Function.create (/home/user/Express_project/awesome-project/node_modules/sequelize/src/model.js:2305:12) 
    url - /api/v1/users 
    method - POST 
    IP - ::1
   {"timestamp":"2024-07-12T06:13:56.270Z"}
error: 
    status - 500 
    message - Error: 
    at Query.run (/home/user/Express_project/awesome-project/node_modules/sequelize/src/dialects/postgres/query.js:76:25)
    at /home/user/Express_project/awesome-project/node_modules/sequelize/src/sequelize.js:650:28
    at processTicksAndRejections (internal/process/task_queues.js:97:5)
    at PostgresQueryInterface.insert (/home/user/Express_project/awesome-project/node_modules/sequelize/src/dialects/abstract/query-interface.js:795:21)
    at user.save (/home/user/Express_project/awesome-project/node_modules/sequelize/src/model.js:4154:35)
    at Function.create (/home/user/Express_project/awesome-project/node_modules/sequelize/src/model.js:2305:12) 
    url - /api/v1/users 
    method - POST 
    IP - ::1
   {"timestamp":"2024-07-12T06:18:08.664Z"}
error: Could not connect to the database. database "awesomeProject" does not exist {"name":"SequelizeConnectionError","original":{"code":"3D000","file":"postinit.c","length":100,"line":"1019","name":"error","routine":"InitPostgres","severity":"FATAL"},"parent":{"code":"3D000","file":"postinit.c","length":100,"line":"1019","name":"error","routine":"InitPostgres","severity":"FATAL"},"stack":"SequelizeConnectionError: database \"awesomeProject\" does not exist\n    at new BaseError (/home/user/Express_project/awesome-project/node_modules/sequelize/src/errors/base-error.ts:26:5)\n    at new ConnectionError (/home/user/Express_project/awesome-project/node_modules/sequelize/src/errors/connection-error.ts:12:5)\n    at Client._connectionCallback (/home/user/Express_project/awesome-project/node_modules/sequelize/src/dialects/postgres/connection-manager.js:196:24)\n    at Client._handleErrorWhileConnecting (/home/user/Express_project/awesome-project/node_modules/pg/lib/client.js:327:19)\n    at Client._handleErrorMessage (/home/user/Express_project/awesome-project/node_modules/pg/lib/client.js:347:19)\n    at Connection.emit (events.js:314:20)\n    at Connection.EventEmitter.emit (domain.js:483:12)\n    at /home/user/Express_project/awesome-project/node_modules/pg/lib/connection.js:117:12\n    at Parser.parse (/home/user/Express_project/awesome-project/node_modules/pg-protocol/src/parser.ts:104:9)\n    at Socket.<anonymous> (/home/user/Express_project/awesome-project/node_modules/pg-protocol/src/index.ts:7:48)","timestamp":"2024-07-12T06:28:54.567Z"}
error: 
    status - 500 
    message - TypeError: Cannot read property 'dataValues' of null
    at _callee2$ (/home/user/Express_project/awesome-project/src/services/user.service.js:17:25)
    at tryCatch (/home/user/Express_project/awesome-project/node_modules/@babel/runtime/helpers/regeneratorRuntime.js:45:16)
    at Generator.<anonymous> (/home/user/Express_project/awesome-project/node_modules/@babel/runtime/helpers/regeneratorRuntime.js:133:17)
    at Generator.next (/home/user/Express_project/awesome-project/node_modules/@babel/runtime/helpers/regeneratorRuntime.js:74:21)
    at asyncGeneratorStep (/home/user/Express_project/awesome-project/node_modules/@babel/runtime/helpers/asyncToGenerator.js:3:17)
    at _next (/home/user/Express_project/awesome-project/node_modules/@babel/runtime/helpers/asyncToGenerator.js:17:9)
    at processTicksAndRejections (internal/process/task_queues.js:97:5) 
    url - /api/v1/users 
    method - POST 
    IP - ::1
   {"timestamp":"2024-07-12T06:52:08.620Z"}
error: uncaughtException: EIO: i/o error, write
Error: EIO: i/o error, write
    at writeSync (fs.js:679:3)
    at SyncWriteStream._write (internal/fs/sync_write_stream.js:24:3)
    at doWrite (_stream_writable.js:403:12)
    at writeOrBuffer (_stream_writable.js:387:5)
    at SyncWriteStream.Writable.write (_stream_writable.js:318:11)
    at Console.log (/home/user/Express_project/awesome-project/node_modules/winston/lib/winston/transports/console.js:79:23)
    at Console._write (/home/user/Express_project/awesome-project/node_modules/winston-transport/modern.js:82:19)
    at doWrite (/home/user/Express_project/awesome-project/node_modules/winston-transport/node_modules/readable-stream/lib/_stream_writable.js:390:139)
    at writeOrBuffer (/home/user/Express_project/awesome-project/node_modules/winston-transport/node_modules/readable-stream/lib/_stream_writable.js:381:5)
    at Console.Writable.write (/home/user/Express_project/awesome-project/node_modules/winston-transport/node_modules/readable-stream/lib/_stream_writable.js:302:11) {"date":"Fri Jul 12 2024 14:38:23 GMT+0530 (India Standard Time)","error":{"code":"EIO","errno":-5,"syscall":"write"},"exception":true,"os":{"loadavg":[2.41,1.23,0.97],"uptime":146062.86},"process":{"argv":["node","/home/user/Express_project/awesome-project/src/index.js"],"cwd":"/home/user/Express_project/awesome-project","execPath":"/usr/bin/node","gid":1000,"memoryUsage":{"arrayBuffers":1403225,"external":3420531,"heapTotal":85827584,"heapUsed":61738960,"rss":138477568},"pid":45651,"uid":1000,"version":"v12.22.9"},"stack":"Error: EIO: i/o error, write\n    at writeSync (fs.js:679:3)\n    at SyncWriteStream._write (internal/fs/sync_write_stream.js:24:3)\n    at doWrite (_stream_writable.js:403:12)\n    at writeOrBuffer (_stream_writable.js:387:5)\n    at SyncWriteStream.Writable.write (_stream_writable.js:318:11)\n    at Console.log (/home/user/Express_project/awesome-project/node_modules/winston/lib/winston/transports/console.js:79:23)\n    at Console._write (/home/user/Express_project/awesome-project/node_modules/winston-transport/modern.js:82:19)\n    at doWrite (/home/user/Express_project/awesome-project/node_modules/winston-transport/node_modules/readable-stream/lib/_stream_writable.js:390:139)\n    at writeOrBuffer (/home/user/Express_project/awesome-project/node_modules/winston-transport/node_modules/readable-stream/lib/_stream_writable.js:381:5)\n    at Console.Writable.write (/home/user/Express_project/awesome-project/node_modules/winston-transport/node_modules/readable-stream/lib/_stream_writable.js:302:11)","timestamp":"2024-07-12T09:08:25.012Z","trace":[{"column":3,"file":"fs.js","function":"writeSync","line":679,"method":null,"native":false},{"column":3,"file":"internal/fs/sync_write_stream.js","function":"SyncWriteStream._write","line":24,"method":"_write","native":false},{"column":12,"file":"_stream_writable.js","function":"doWrite","line":403,"method":null,"native":false},{"column":5,"file":"_stream_writable.js","function":"writeOrBuffer","line":387,"method":null,"native":false},{"column":11,"file":"_stream_writable.js","function":"SyncWriteStream.Writable.write","line":318,"method":"write","native":false},{"column":23,"file":"/home/user/Express_project/awesome-project/node_modules/winston/lib/winston/transports/console.js","function":"Console.log","line":79,"method":"log","native":false},{"column":19,"file":"/home/user/Express_project/awesome-project/node_modules/winston-transport/modern.js","function":"Console._write","line":82,"method":"_write","native":false},{"column":139,"file":"/home/user/Express_project/awesome-project/node_modules/winston-transport/node_modules/readable-stream/lib/_stream_writable.js","function":"doWrite","line":390,"method":null,"native":false},{"column":5,"file":"/home/user/Express_project/awesome-project/node_modules/winston-transport/node_modules/readable-stream/lib/_stream_writable.js","function":"writeOrBuffer","line":381,"method":null,"native":false},{"column":11,"file":"/home/user/Express_project/awesome-project/node_modules/winston-transport/node_modules/readable-stream/lib/_stream_writable.js","function":"Console.Writable.write","line":302,"method":"write","native":false}]}
error: 
    status - 500 
    message - Error: WHERE parameter "id" has invalid "undefined" value
    at PostgresQueryGenerator.whereItemQuery (/home/user/Express_project/awesome-project/node_modules/sequelize/src/dialects/abstract/query-generator.js:2445:13)
    at /home/user/Express_project/awesome-project/node_modules/sequelize/src/dialects/abstract/query-generator.js:2434:25
    at Array.forEach (<anonymous>)
    at PostgresQueryGenerator.whereItemsQuery (/home/user/Express_project/awesome-project/node_modules/sequelize/src/dialects/abstract/query-generator.js:2432:35)
    at PostgresQueryGenerator.getWhereConditions (/home/user/Express_project/awesome-project/node_modules/sequelize/src/dialects/abstract/query-generator.js:2860:19)
    at PostgresQueryGenerator.selectQuery (/home/user/Express_project/awesome-project/node_modules/sequelize/src/dialects/abstract/query-generator.js:1460:28)
    at PostgresQueryInterface.select (/home/user/Express_project/awesome-project/node_modules/sequelize/src/dialects/abstract/query-interface.js:1002:27)
    at Function.findAll (/home/user/Express_project/awesome-project/node_modules/sequelize/src/model.js:1824:47)
    at processTicksAndRejections (internal/process/task_queues.js:97:5)
    at Function.findOne (/home/user/Express_project/awesome-project/node_modules/sequelize/src/model.js:1998:12) 
    url - /api/v1/users/3 
    method - PUT 
    IP - ::1
   {"timestamp":"2024-07-12T09:46:43.862Z"}
error: 
    status - 500 
    message - Error: WHERE parameter "id" has invalid "undefined" value
    at PostgresQueryGenerator.whereItemQuery (/home/user/Express_project/awesome-project/node_modules/sequelize/src/dialects/abstract/query-generator.js:2445:13)
    at /home/user/Express_project/awesome-project/node_modules/sequelize/src/dialects/abstract/query-generator.js:2434:25
    at Array.forEach (<anonymous>)
    at PostgresQueryGenerator.whereItemsQuery (/home/user/Express_project/awesome-project/node_modules/sequelize/src/dialects/abstract/query-generator.js:2432:35)
    at PostgresQueryGenerator.getWhereConditions (/home/user/Express_project/awesome-project/node_modules/sequelize/src/dialects/abstract/query-generator.js:2860:19)
    at PostgresQueryGenerator.selectQuery (/home/user/Express_project/awesome-project/node_modules/sequelize/src/dialects/abstract/query-generator.js:1460:28)
    at PostgresQueryInterface.select (/home/user/Express_project/awesome-project/node_modules/sequelize/src/dialects/abstract/query-interface.js:1002:27)
    at Function.findAll (/home/user/Express_project/awesome-project/node_modules/sequelize/src/model.js:1824:47)
    at processTicksAndRejections (internal/process/task_queues.js:97:5)
    at Function.findOne (/home/user/Express_project/awesome-project/node_modules/sequelize/src/model.js:1998:12) 
    url - /api/v1/users/7 
    method - PUT 
    IP - ::1
   {"timestamp":"2024-07-12T09:50:53.844Z"}
error: 
    status - 500 
    message - Error: WHERE parameter "id" has invalid "undefined" value
    at PostgresQueryGenerator.whereItemQuery (/home/user/Express_project/awesome-project/node_modules/sequelize/src/dialects/abstract/query-generator.js:2445:13)
    at /home/user/Express_project/awesome-project/node_modules/sequelize/src/dialects/abstract/query-generator.js:2434:25
    at Array.forEach (<anonymous>)
    at PostgresQueryGenerator.whereItemsQuery (/home/user/Express_project/awesome-project/node_modules/sequelize/src/dialects/abstract/query-generator.js:2432:35)
    at PostgresQueryGenerator.getWhereConditions (/home/user/Express_project/awesome-project/node_modules/sequelize/src/dialects/abstract/query-generator.js:2860:19)
    at PostgresQueryGenerator.selectQuery (/home/user/Express_project/awesome-project/node_modules/sequelize/src/dialects/abstract/query-generator.js:1460:28)
    at PostgresQueryInterface.select (/home/user/Express_project/awesome-project/node_modules/sequelize/src/dialects/abstract/query-interface.js:1002:27)
    at Function.findAll (/home/user/Express_project/awesome-project/node_modules/sequelize/src/model.js:1824:47)
    at processTicksAndRejections (internal/process/task_queues.js:97:5)
    at Function.findOne (/home/user/Express_project/awesome-project/node_modules/sequelize/src/model.js:1998:12) 
    url - /api/v1/users/7 
    method - PUT 
    IP - ::1
   {"timestamp":"2024-07-12T09:52:45.526Z"}
error: 
    status - 500 
    message - Error: WHERE parameter "id" has invalid "undefined" value
    at PostgresQueryGenerator.whereItemQuery (/home/user/Express_project/awesome-project/node_modules/sequelize/src/dialects/abstract/query-generator.js:2445:13)
    at /home/user/Express_project/awesome-project/node_modules/sequelize/src/dialects/abstract/query-generator.js:2434:25
    at Array.forEach (<anonymous>)
    at PostgresQueryGenerator.whereItemsQuery (/home/user/Express_project/awesome-project/node_modules/sequelize/src/dialects/abstract/query-generator.js:2432:35)
    at PostgresQueryGenerator.getWhereConditions (/home/user/Express_project/awesome-project/node_modules/sequelize/src/dialects/abstract/query-generator.js:2860:19)
    at PostgresQueryGenerator.selectQuery (/home/user/Express_project/awesome-project/node_modules/sequelize/src/dialects/abstract/query-generator.js:1460:28)
    at PostgresQueryInterface.select (/home/user/Express_project/awesome-project/node_modules/sequelize/src/dialects/abstract/query-interface.js:1002:27)
    at Function.findAll (/home/user/Express_project/awesome-project/node_modules/sequelize/src/model.js:1824:47)
    at processTicksAndRejections (internal/process/task_queues.js:97:5)
    at Function.findOne (/home/user/Express_project/awesome-project/node_modules/sequelize/src/model.js:1998:12) 
    url - /api/v1/users/7 
    method - PUT 
    IP - ::1
   {"timestamp":"2024-07-12T09:53:31.337Z"}
error: 
    status - 500 
    message - ReferenceError: data is not defined
    at _callee3$ (/home/user/Express_project/awesome-project/src/services/user.service.js:58:14)
    at tryCatch (/home/user/Express_project/awesome-project/node_modules/@babel/runtime/helpers/regeneratorRuntime.js:45:16)
    at Generator.<anonymous> (/home/user/Express_project/awesome-project/node_modules/@babel/runtime/helpers/regeneratorRuntime.js:133:17)
    at Generator.next (/home/user/Express_project/awesome-project/node_modules/@babel/runtime/helpers/regeneratorRuntime.js:74:21)
    at asyncGeneratorStep (/home/user/Express_project/awesome-project/node_modules/@babel/runtime/helpers/asyncToGenerator.js:3:17)
    at _next (/home/user/Express_project/awesome-project/node_modules/@babel/runtime/helpers/asyncToGenerator.js:17:9)
    at processTicksAndRejections (internal/process/task_queues.js:97:5) 
    url - /api/v1/users/7 
    method - PUT 
    IP - ::1
   {"timestamp":"2024-07-12T09:55:24.850Z"}
error: 
    status - 500 
    message - Error: Missing where or truncate attribute in the options parameter of model.destroy.
    at Function.destroy (/home/user/Express_project/awesome-project/node_modules/sequelize/src/model.js:3034:13)
    at _callee4$ (/home/user/Express_project/awesome-project/src/services/user.service.js:84:14)
    at tryCatch (/home/user/Express_project/awesome-project/node_modules/@babel/runtime/helpers/regeneratorRuntime.js:45:16)
    at Generator.<anonymous> (/home/user/Express_project/awesome-project/node_modules/@babel/runtime/helpers/regeneratorRuntime.js:133:17)
    at Generator.next (/home/user/Express_project/awesome-project/node_modules/@babel/runtime/helpers/regeneratorRuntime.js:74:21)
    at asyncGeneratorStep (/home/user/Express_project/awesome-project/node_modules/@babel/runtime/helpers/asyncToGenerator.js:3:17)
    at _next (/home/user/Express_project/awesome-project/node_modules/@babel/runtime/helpers/asyncToGenerator.js:17:9)
    at processTicksAndRejections (internal/process/task_queues.js:97:5) 
    url - /api/v1/users/8 
    method - DELETE 
    IP - ::1
   {"timestamp":"2024-07-12T10:38:54.031Z"}
error: 
    status - 500 
    message - Error: Missing where or truncate attribute in the options parameter of model.destroy.
    at Function.destroy (/home/user/Express_project/awesome-project/node_modules/sequelize/src/model.js:3034:13)
    at _callee4$ (/home/user/Express_project/awesome-project/src/services/user.service.js:84:14)
    at tryCatch (/home/user/Express_project/awesome-project/node_modules/@babel/runtime/helpers/regeneratorRuntime.js:45:16)
    at Generator.<anonymous> (/home/user/Express_project/awesome-project/node_modules/@babel/runtime/helpers/regeneratorRuntime.js:133:17)
    at Generator.next (/home/user/Express_project/awesome-project/node_modules/@babel/runtime/helpers/regeneratorRuntime.js:74:21)
    at asyncGeneratorStep (/home/user/Express_project/awesome-project/node_modules/@babel/runtime/helpers/asyncToGenerator.js:3:17)
    at _next (/home/user/Express_project/awesome-project/node_modules/@babel/runtime/helpers/asyncToGenerator.js:17:9)
    at processTicksAndRejections (internal/process/task_queues.js:97:5) 
    url - /api/v1/users/8 
    method - DELETE 
    IP - ::1
   {"timestamp":"2024-07-12T10:39:26.667Z"}
error: 
    status - 500 
    message - Error: Argument passed to findByPk is invalid: [object Object]
    at Function.findByPk (/home/user/Express_project/awesome-project/node_modules/sequelize/src/model.js:1950:13)
    at _callee5$ (/home/user/Express_project/awesome-project/src/services/user.service.js:100:27)
    at tryCatch (/home/user/Express_project/awesome-project/node_modules/@babel/runtime/helpers/regeneratorRuntime.js:45:16)
    at Generator.<anonymous> (/home/user/Express_project/awesome-project/node_modules/@babel/runtime/helpers/regeneratorRuntime.js:133:17)
    at Generator.next (/home/user/Express_project/awesome-project/node_modules/@babel/runtime/helpers/regeneratorRuntime.js:74:21)
    at asyncGeneratorStep (/home/user/Express_project/awesome-project/node_modules/@babel/runtime/helpers/asyncToGenerator.js:3:17)
    at _next (/home/user/Express_project/awesome-project/node_modules/@babel/runtime/helpers/asyncToGenerator.js:17:9)
    at /home/user/Express_project/awesome-project/node_modules/@babel/runtime/helpers/asyncToGenerator.js:22:7
    at new Promise (<anonymous>)
    at Object.<anonymous> (/home/user/Express_project/awesome-project/node_modules/@babel/runtime/helpers/asyncToGenerator.js:14:12) 
    url - /api/v1/users/3 
    method - GET 
    IP - ::1
   {"timestamp":"2024-07-12T11:22:51.169Z"}
