error: uncaughtException: Please install pg package manually
Error: Please install pg package manually
    at ConnectionManager._loadDialectModule (/home/user/demo1/awesome-project/node_modules/sequelize/src/dialects/abstract/connection-manager.js:81:15)
    at new ConnectionManager (/home/user/demo1/awesome-project/node_modules/sequelize/src/dialects/postgres/connection-manager.js:18:24)
    at new PostgresDialect (/home/user/demo1/awesome-project/node_modules/sequelize/src/dialects/postgres/index.js:15:30)
    at new Sequelize (/home/user/demo1/awesome-project/node_modules/sequelize/src/sequelize.js:368:20)
    at Object.<anonymous> (/home/user/demo1/awesome-project/src/config/database.js:25:19)
    at Module._compile (internal/modules/cjs/loader.js:999:30)
    at Module._compile (/home/user/demo1/awesome-project/node_modules/pirates/lib/index.js:117:24)
    at Module._extensions..js (internal/modules/cjs/loader.js:1027:10)
    at Object.newLoader [as .js] (/home/user/demo1/awesome-project/node_modules/pirates/lib/index.js:121:7)
    at Module.load (internal/modules/cjs/loader.js:863:32) {"date":"Wed Jul 10 2024 12:06:06 GMT+0530 (India Standard Time)","error":{},"exception":true,"os":{"loadavg":[2.62,3.37,3.42],"uptime":52361.72},"process":{"argv":["node","/home/user/demo1/awesome-project/src/index.js"],"cwd":"/home/user/demo1/awesome-project","execPath":"/usr/bin/node","gid":1000,"memoryUsage":{"arrayBuffers":933677,"external":2911564,"heapTotal":82731008,"heapUsed":61676648,"rss":134557696},"pid":13841,"uid":1000,"version":"v12.22.9"},"stack":"Error: Please install pg package manually\n    at ConnectionManager._loadDialectModule (/home/user/demo1/awesome-project/node_modules/sequelize/src/dialects/abstract/connection-manager.js:81:15)\n    at new ConnectionManager (/home/user/demo1/awesome-project/node_modules/sequelize/src/dialects/postgres/connection-manager.js:18:24)\n    at new PostgresDialect (/home/user/demo1/awesome-project/node_modules/sequelize/src/dialects/postgres/index.js:15:30)\n    at new Sequelize (/home/user/demo1/awesome-project/node_modules/sequelize/src/sequelize.js:368:20)\n    at Object.<anonymous> (/home/user/demo1/awesome-project/src/config/database.js:25:19)\n    at Module._compile (internal/modules/cjs/loader.js:999:30)\n    at Module._compile (/home/user/demo1/awesome-project/node_modules/pirates/lib/index.js:117:24)\n    at Module._extensions..js (internal/modules/cjs/loader.js:1027:10)\n    at Object.newLoader [as .js] (/home/user/demo1/awesome-project/node_modules/pirates/lib/index.js:121:7)\n    at Module.load (internal/modules/cjs/loader.js:863:32)","trace":[{"column":15,"file":"/home/user/demo1/awesome-project/node_modules/sequelize/src/dialects/abstract/connection-manager.js","function":"ConnectionManager._loadDialectModule","line":81,"method":"_loadDialectModule","native":false},{"column":24,"file":"/home/user/demo1/awesome-project/node_modules/sequelize/src/dialects/postgres/connection-manager.js","function":"new ConnectionManager","line":18,"method":null,"native":false},{"column":30,"file":"/home/user/demo1/awesome-project/node_modules/sequelize/src/dialects/postgres/index.js","function":"new PostgresDialect","line":15,"method":null,"native":false},{"column":20,"file":"/home/user/demo1/awesome-project/node_modules/sequelize/src/sequelize.js","function":"new Sequelize","line":368,"method":null,"native":false},{"column":19,"file":"/home/user/demo1/awesome-project/src/config/database.js","function":null,"line":25,"method":null,"native":false},{"column":30,"file":"internal/modules/cjs/loader.js","function":"Module._compile","line":999,"method":"_compile","native":false},{"column":24,"file":"/home/user/demo1/awesome-project/node_modules/pirates/lib/index.js","function":"Module._compile","line":117,"method":"_compile","native":false},{"column":10,"file":"internal/modules/cjs/loader.js","function":"Module._extensions..js","line":1027,"method":".js","native":false},{"column":7,"file":"/home/user/demo1/awesome-project/node_modules/pirates/lib/index.js","function":"Object.newLoader [as .js]","line":121,"method":"js]","native":false},{"column":32,"file":"internal/modules/cjs/loader.js","function":"Module.load","line":863,"method":"load","native":false}]}
error: uncaughtException: listen EADDRINUSE: address already in use :::3000
Error: listen EADDRINUSE: address already in use :::3000
    at Server.setupListenHandle [as _listen2] (net.js:1310:16)
    at listenInCluster (net.js:1358:12)
    at Server.listen (net.js:1444:7)
    at Function.listen (/home/user/demo1/awesome-project/node_modules/express/lib/application.js:635:24)
    at Object.<anonymous> (/home/user/demo1/awesome-project/src/index.js:34:5)
    at Module._compile (internal/modules/cjs/loader.js:999:30)
    at Module._compile (/home/user/demo1/awesome-project/node_modules/pirates/lib/index.js:117:24)
    at Module._extensions..js (internal/modules/cjs/loader.js:1027:10)
    at Object.newLoader [as .js] (/home/user/demo1/awesome-project/node_modules/pirates/lib/index.js:121:7)
    at Module.load (internal/modules/cjs/loader.js:863:32) {"date":"Wed Jul 10 2024 12:06:35 GMT+0530 (India Standard Time)","error":{"address":"::","code":"EADDRINUSE","errno":"EADDRINUSE","port":3000,"syscall":"listen"},"exception":true,"os":{"loadavg":[2.53,3.27,3.38],"uptime":52391.15},"process":{"argv":["node","/home/user/demo1/awesome-project/src/index.js"],"cwd":"/home/user/demo1/awesome-project","execPath":"/usr/bin/node","gid":1000,"memoryUsage":{"arrayBuffers":433895,"external":2450273,"heapTotal":87232512,"heapUsed":56958280,"rss":139575296},"pid":14028,"uid":1000,"version":"v12.22.9"},"stack":"Error: listen EADDRINUSE: address already in use :::3000\n    at Server.setupListenHandle [as _listen2] (net.js:1310:16)\n    at listenInCluster (net.js:1358:12)\n    at Server.listen (net.js:1444:7)\n    at Function.listen (/home/user/demo1/awesome-project/node_modules/express/lib/application.js:635:24)\n    at Object.<anonymous> (/home/user/demo1/awesome-project/src/index.js:34:5)\n    at Module._compile (internal/modules/cjs/loader.js:999:30)\n    at Module._compile (/home/user/demo1/awesome-project/node_modules/pirates/lib/index.js:117:24)\n    at Module._extensions..js (internal/modules/cjs/loader.js:1027:10)\n    at Object.newLoader [as .js] (/home/user/demo1/awesome-project/node_modules/pirates/lib/index.js:121:7)\n    at Module.load (internal/modules/cjs/loader.js:863:32)","trace":[{"column":16,"file":"net.js","function":"Server.setupListenHandle [as _listen2]","line":1310,"method":"setupListenHandle [as _listen2]","native":false},{"column":12,"file":"net.js","function":"listenInCluster","line":1358,"method":null,"native":false},{"column":7,"file":"net.js","function":"Server.listen","line":1444,"method":"listen","native":false},{"column":24,"file":"/home/user/demo1/awesome-project/node_modules/express/lib/application.js","function":"Function.listen","line":635,"method":"listen","native":false},{"column":5,"file":"/home/user/demo1/awesome-project/src/index.js","function":null,"line":34,"method":null,"native":false},{"column":30,"file":"internal/modules/cjs/loader.js","function":"Module._compile","line":999,"method":"_compile","native":false},{"column":24,"file":"/home/user/demo1/awesome-project/node_modules/pirates/lib/index.js","function":"Module._compile","line":117,"method":"_compile","native":false},{"column":10,"file":"internal/modules/cjs/loader.js","function":"Module._extensions..js","line":1027,"method":".js","native":false},{"column":7,"file":"/home/user/demo1/awesome-project/node_modules/pirates/lib/index.js","function":"Object.newLoader [as .js]","line":121,"method":"js]","native":false},{"column":32,"file":"internal/modules/cjs/loader.js","function":"Module.load","line":863,"method":"load","native":false}]}
error: uncaughtException: listen EADDRINUSE: address already in use :::3000
Error: listen EADDRINUSE: address already in use :::3000
    at Server.setupListenHandle [as _listen2] (net.js:1310:16)
    at listenInCluster (net.js:1358:12)
    at Server.listen (net.js:1444:7)
    at Function.listen (/home/user/demo1/awesome-project/node_modules/express/lib/application.js:635:24)
    at Object.<anonymous> (/home/user/demo1/awesome-project/src/index.js:34:5)
    at Module._compile (internal/modules/cjs/loader.js:999:30)
    at Module._compile (/home/user/demo1/awesome-project/node_modules/pirates/lib/index.js:117:24)
    at Module._extensions..js (internal/modules/cjs/loader.js:1027:10)
    at Object.newLoader [as .js] (/home/user/demo1/awesome-project/node_modules/pirates/lib/index.js:121:7)
    at Module.load (internal/modules/cjs/loader.js:863:32) {"date":"Wed Jul 10 2024 12:06:54 GMT+0530 (India Standard Time)","error":{"address":"::","code":"EADDRINUSE","errno":"EADDRINUSE","port":3000,"syscall":"listen"},"exception":true,"os":{"loadavg":[2.34,3.18,3.35],"uptime":52410.44},"process":{"argv":["node","/home/user/demo1/awesome-project/src/index.js"],"cwd":"/home/user/demo1/awesome-project","execPath":"/usr/bin/node","gid":1000,"memoryUsage":{"arrayBuffers":568100,"external":2584478,"heapTotal":84373504,"heapUsed":56914168,"rss":135659520},"pid":14180,"uid":1000,"version":"v12.22.9"},"stack":"Error: listen EADDRINUSE: address already in use :::3000\n    at Server.setupListenHandle [as _listen2] (net.js:1310:16)\n    at listenInCluster (net.js:1358:12)\n    at Server.listen (net.js:1444:7)\n    at Function.listen (/home/user/demo1/awesome-project/node_modules/express/lib/application.js:635:24)\n    at Object.<anonymous> (/home/user/demo1/awesome-project/src/index.js:34:5)\n    at Module._compile (internal/modules/cjs/loader.js:999:30)\n    at Module._compile (/home/user/demo1/awesome-project/node_modules/pirates/lib/index.js:117:24)\n    at Module._extensions..js (internal/modules/cjs/loader.js:1027:10)\n    at Object.newLoader [as .js] (/home/user/demo1/awesome-project/node_modules/pirates/lib/index.js:121:7)\n    at Module.load (internal/modules/cjs/loader.js:863:32)","trace":[{"column":16,"file":"net.js","function":"Server.setupListenHandle [as _listen2]","line":1310,"method":"setupListenHandle [as _listen2]","native":false},{"column":12,"file":"net.js","function":"listenInCluster","line":1358,"method":null,"native":false},{"column":7,"file":"net.js","function":"Server.listen","line":1444,"method":"listen","native":false},{"column":24,"file":"/home/user/demo1/awesome-project/node_modules/express/lib/application.js","function":"Function.listen","line":635,"method":"listen","native":false},{"column":5,"file":"/home/user/demo1/awesome-project/src/index.js","function":null,"line":34,"method":null,"native":false},{"column":30,"file":"internal/modules/cjs/loader.js","function":"Module._compile","line":999,"method":"_compile","native":false},{"column":24,"file":"/home/user/demo1/awesome-project/node_modules/pirates/lib/index.js","function":"Module._compile","line":117,"method":"_compile","native":false},{"column":10,"file":"internal/modules/cjs/loader.js","function":"Module._extensions..js","line":1027,"method":".js","native":false},{"column":7,"file":"/home/user/demo1/awesome-project/node_modules/pirates/lib/index.js","function":"Object.newLoader [as .js]","line":121,"method":"js]","native":false},{"column":32,"file":"internal/modules/cjs/loader.js","function":"Module.load","line":863,"method":"load","native":false}]}
info: ::1 - - [10/Jul/2024:07:10:02 +0000] "GET /api/v1/ HTTP/1.1" 200 9 "-" "Mozilla/5.0 (X11; Linux x86_64) AppleWebKit/537.36 (KHTML, like Gecko) Chrome/126.0.0.0 Safari/537.36"

info: ::1 - - [10/Jul/2024:07:10:02 +0000] "GET /favicon.ico HTTP/1.1" 404 47 "-" "Mozilla/5.0 (X11; Linux x86_64) AppleWebKit/537.36 (KHTML, like Gecko) Chrome/126.0.0.0 Safari/537.36"

info: ::1 - - [10/Jul/2024:07:10:13 +0000] "GET /api/v1/ HTTP/1.1" 304 - "-" "Mozilla/5.0 (X11; Linux x86_64) AppleWebKit/537.36 (KHTML, like Gecko) Chrome/126.0.0.0 Safari/537.36"

info: ::1 - - [10/Jul/2024:07:29:03 +0000] "GET /api/v1/ HTTP/1.1" 404 47 "-" "Mozilla/5.0 (X11; Linux x86_64) AppleWebKit/537.36 (KHTML, like Gecko) Chrome/126.0.0.0 Safari/537.36"

info: ::1 - - [10/Jul/2024:07:29:13 +0000] "GET /api/v1/call HTTP/1.1" 200 9 "-" "Mozilla/5.0 (X11; Linux x86_64) AppleWebKit/537.36 (KHTML, like Gecko) Chrome/126.0.0.0 Safari/537.36"

info: ::1 - - [10/Jul/2024:07:29:50 +0000] "GET /api/v1/users HTTP/1.1" 200 65 "-" "Mozilla/5.0 (X11; Linux x86_64) AppleWebKit/537.36 (KHTML, like Gecko) Chrome/126.0.0.0 Safari/537.36"

info: ::1 - - [11/Jul/2024:06:24:10 +0000] "POST /api/v1/ HTTP/1.1" 404 47 "-" "PostmanRuntime/7.39.0"

info: ::1 - - [11/Jul/2024:06:24:19 +0000] "POST /api/v1/users HTTP/1.1" 500 89 "-" "PostmanRuntime/7.39.0"

info: ::1 - - [11/Jul/2024:06:28:55 +0000] "POST /api/v1/users HTTP/1.1" 201 207 "-" "PostmanRuntime/7.39.0"

info: ::1 - - [11/Jul/2024:06:31:11 +0000] "POST /api/v1/users HTTP/1.1" 201 207 "-" "PostmanRuntime/7.39.0"

info: ::1 - - [11/Jul/2024:06:41:27 +0000] "GET /api/v1/users HTTP/1.1" 200 364 "-" "PostmanRuntime/7.39.0"

info: ::1 - - [11/Jul/2024:06:47:39 +0000] "PUT /api/v1/users/2 HTTP/1.1" 202 122 "-" "PostmanRuntime/7.39.0"

info: ::1 - - [11/Jul/2024:06:48:25 +0000] "GET /api/v1/users HTTP/1.1" 200 364 "-" "PostmanRuntime/7.39.0"

info: ::1 - - [11/Jul/2024:06:58:40 +0000] "GET / HTTP/1.1" 404 47 "-" "PostmanRuntime/7.39.0"

info: ::1 - - [11/Jul/2024:06:58:57 +0000] "GET /api/v1 HTTP/1.1" 404 47 "-" "PostmanRuntime/7.39.0"

info: ::1 - - [11/Jul/2024:06:59:06 +0000] "GET /api/v1/ HTTP/1.1" 404 47 "-" "PostmanRuntime/7.39.0"

info: ::1 - - [11/Jul/2024:07:00:08 +0000] "GET /api/v1 HTTP/1.1" 404 47 "-" "PostmanRuntime/7.39.0"

info: ::1 - - [11/Jul/2024:07:01:42 +0000] "GET /api/v1/ HTTP/1.1" 404 47 "-" "PostmanRuntime/7.39.0"

info: ::1 - - [11/Jul/2024:07:01:52 +0000] "GET /api/v1/users/2 HTTP/1.1" 400 56 "-" "PostmanRuntime/7.39.0"

info: ::1 - - [11/Jul/2024:07:02:04 +0000] "GET /api/v1/users HTTP/1.1" 200 364 "-" "PostmanRuntime/7.39.0"

info: ::1 - - [11/Jul/2024:07:02:27 +0000] "GET /api/v1/ HTTP/1.1" 404 47 "-" "PostmanRuntime/7.39.0"

info: ::1 - - [11/Jul/2024:07:02:50 +0000] "GET /api/v1/ HTTP/1.1" 404 47 "-" "Mozilla/5.0 (X11; Linux x86_64) AppleWebKit/537.36 (KHTML, like Gecko) Chrome/126.0.0.0 Safari/537.36"

info: ::1 - - [11/Jul/2024:07:02:50 +0000] "GET /favicon.ico HTTP/1.1" 404 47 "-" "Mozilla/5.0 (X11; Linux x86_64) AppleWebKit/537.36 (KHTML, like Gecko) Chrome/126.0.0.0 Safari/537.36"

info: ::1 - - [11/Jul/2024:07:03:45 +0000] "GET /api/v1/ HTTP/1.1" 404 47 "-" "PostmanRuntime/7.39.0"

info: ::1 - - [11/Jul/2024:07:04:21 +0000] "GET /api/v1/ HTTP/1.1" 404 47 "-" "PostmanRuntime/7.39.0"

info: ::1 - - [11/Jul/2024:07:05:47 +0000] "GET /api/v1/call HTTP/1.1" 200 9 "-" "PostmanRuntime/7.39.0"

info: ::1 - - [11/Jul/2024:07:06:00 +0000] "GET /api/v1/ HTTP/1.1" 200 9 "-" "PostmanRuntime/7.39.0"

info: ::1 - - [11/Jul/2024:07:08:08 +0000] "GET /api/v1/ HTTP/1.1" 200 9 "-" "PostmanRuntime/7.39.0"

info: ::1 - - [11/Jul/2024:07:11:29 +0000] "POST /api/v1/ HTTP/1.1" 404 47 "-" "PostmanRuntime/7.39.0"

info: ::1 - - [11/Jul/2024:07:11:39 +0000] "POST /api/v1/users HTTP/1.1" 500 60 "-" "PostmanRuntime/7.39.0"

info: ::1 - - [11/Jul/2024:07:12:59 +0000] "GET /api/v1/users HTTP/1.1" 200 364 "-" "PostmanRuntime/7.39.0"

info: ::1 - - [11/Jul/2024:07:15:04 +0000] "GET /api/v1/users HTTP/1.1" 200 364 "-" "PostmanRuntime/7.39.0"

info: ::1 - - [11/Jul/2024:07:24:01 +0000] "GET /api/v1/users HTTP/1.1" 200 364 "-" "PostmanRuntime/7.39.0"

info: ::1 - - [11/Jul/2024:07:25:47 +0000] "GET /api/v1/ HTTP/1.1" 200 9 "-" "PostmanRuntime/7.39.0"

info: ::1 - - [11/Jul/2024:07:32:29 +0000] "POST /api/v1/users HTTP/1.1" 500 60 "-" "PostmanRuntime/7.39.0"

info: ::1 - - [11/Jul/2024:07:32:37 +0000] "GET /api/v1/users HTTP/1.1" 200 364 "-" "PostmanRuntime/7.39.0"

