info: ::1 - - [11/Jul/2024:06:24:10 +0000] "POST /api/v1/ HTTP/1.1" 404 47 "-" "PostmanRuntime/7.39.0"

info: ::1 - - [11/Jul/2024:06:24:19 +0000] "POST /api/v1/users HTTP/1.1" 500 89 "-" "PostmanRuntime/7.39.0"

info: ::1 - - [11/Jul/2024:06:28:55 +0000] "POST /api/v1/users HTTP/1.1" 201 207 "-" "PostmanRuntime/7.39.0"

info: ::1 - - [11/Jul/2024:06:31:11 +0000] "POST /api/v1/users HTTP/1.1" 201 207 "-" "PostmanRuntime/7.39.0"

info: ::1 - - [11/Jul/2024:06:41:27 +0000] "GET /api/v1/users HTTP/1.1" 200 364 "-" "PostmanRuntime/7.39.0"

info: ::1 - - [11/Jul/2024:06:47:39 +0000] "PUT /api/v1/users/2 HTTP/1.1" 202 122 "-" "PostmanRuntime/7.39.0"

info: ::1 - - [11/Jul/2024:06:48:25 +0000] "GET /api/v1/users HTTP/1.1" 200 364 "-" "PostmanRuntime/7.39.0"

info: ::1 - - [11/Jul/2024:06:58:40 +0000] "GET / HTTP/1.1" 404 47 "-" "PostmanRuntime/7.39.0"

info: ::1 - - [11/Jul/2024:06:58:57 +0000] "GET /api/v1 HTTP/1.1" 404 47 "-" "PostmanRuntime/7.39.0"

info: ::1 - - [11/Jul/2024:06:59:06 +0000] "GET /api/v1/ HTTP/1.1" 404 47 "-" "PostmanRuntime/7.39.0"

info: ::1 - - [11/Jul/2024:07:00:08 +0000] "GET /api/v1 HTTP/1.1" 404 47 "-" "PostmanRuntime/7.39.0"

info: ::1 - - [11/Jul/2024:07:01:42 +0000] "GET /api/v1/ HTTP/1.1" 404 47 "-" "PostmanRuntime/7.39.0"

info: ::1 - - [11/Jul/2024:07:01:52 +0000] "GET /api/v1/users/2 HTTP/1.1" 400 56 "-" "PostmanRuntime/7.39.0"

info: ::1 - - [11/Jul/2024:07:02:04 +0000] "GET /api/v1/users HTTP/1.1" 200 364 "-" "PostmanRuntime/7.39.0"

info: ::1 - - [11/Jul/2024:07:02:27 +0000] "GET /api/v1/ HTTP/1.1" 404 47 "-" "PostmanRuntime/7.39.0"

info: ::1 - - [11/Jul/2024:07:02:50 +0000] "GET /api/v1/ HTTP/1.1" 404 47 "-" "Mozilla/5.0 (X11; Linux x86_64) AppleWebKit/537.36 (KHTML, like Gecko) Chrome/126.0.0.0 Safari/537.36"

info: ::1 - - [11/Jul/2024:07:02:50 +0000] "GET /favicon.ico HTTP/1.1" 404 47 "-" "Mozilla/5.0 (X11; Linux x86_64) AppleWebKit/537.36 (KHTML, like Gecko) Chrome/126.0.0.0 Safari/537.36"

info: ::1 - - [11/Jul/2024:07:03:45 +0000] "GET /api/v1/ HTTP/1.1" 404 47 "-" "PostmanRuntime/7.39.0"

info: ::1 - - [11/Jul/2024:07:04:21 +0000] "GET /api/v1/ HTTP/1.1" 404 47 "-" "PostmanRuntime/7.39.0"

info: ::1 - - [11/Jul/2024:07:05:47 +0000] "GET /api/v1/call HTTP/1.1" 200 9 "-" "PostmanRuntime/7.39.0"

info: ::1 - - [11/Jul/2024:07:06:00 +0000] "GET /api/v1/ HTTP/1.1" 200 9 "-" "PostmanRuntime/7.39.0"

info: ::1 - - [11/Jul/2024:07:08:08 +0000] "GET /api/v1/ HTTP/1.1" 200 9 "-" "PostmanRuntime/7.39.0"

info: ::1 - - [11/Jul/2024:07:11:29 +0000] "POST /api/v1/ HTTP/1.1" 404 47 "-" "PostmanRuntime/7.39.0"

info: ::1 - - [11/Jul/2024:07:11:39 +0000] "POST /api/v1/users HTTP/1.1" 500 60 "-" "PostmanRuntime/7.39.0"

info: ::1 - - [11/Jul/2024:07:12:59 +0000] "GET /api/v1/users HTTP/1.1" 200 364 "-" "PostmanRuntime/7.39.0"

info: ::1 - - [11/Jul/2024:07:15:04 +0000] "GET /api/v1/users HTTP/1.1" 200 364 "-" "PostmanRuntime/7.39.0"

info: ::1 - - [11/Jul/2024:07:24:01 +0000] "GET /api/v1/users HTTP/1.1" 200 364 "-" "PostmanRuntime/7.39.0"

info: ::1 - - [11/Jul/2024:07:25:47 +0000] "GET /api/v1/ HTTP/1.1" 200 9 "-" "PostmanRuntime/7.39.0"

info: ::1 - - [11/Jul/2024:07:32:29 +0000] "POST /api/v1/users HTTP/1.1" 500 60 "-" "PostmanRuntime/7.39.0"

info: ::1 - - [11/Jul/2024:07:32:37 +0000] "GET /api/v1/users HTTP/1.1" 200 364 "-" "PostmanRuntime/7.39.0"

